"../../../Engine/Content/EngineMaterials/T_Default_Material_Grid_M.ubulk" 0
"../../../Engine/Content/EngineMaterials/T_Default_Material_Grid_M.uasset" 1
"../../../Engine/Content/EngineMaterials/T_Default_Material_Grid_M.uexp" 2
"../../../Engine/Content/EngineMaterials/T_Default_Material_Grid_N.ubulk" 3
"../../../Engine/Content/EngineMaterials/T_Default_Material_Grid_N.uasset" 4
"../../../Engine/Content/EngineMaterials/T_Default_Material_Grid_N.uexp" 5
"../../../Engine/Content/Functions/Engine_MaterialFunctions01/Opacity/CameraDepthFade.uasset" 6
"../../../Engine/Content/Functions/Engine_MaterialFunctions01/Opacity/CameraDepthFade.uexp" 7
"../../../Engine/Content/EngineMaterials/DefaultMaterial.uasset" 8
"../../../Engine/Content/EngineMaterials/DefaultMaterial.uexp" 9
"../../../Engine/Content/BasicShapes/Cylinder.uasset" 10
"../../../Engine/Content/BasicShapes/Cylinder.uexp" 11
"../../../Engine/Content/BasicShapes/Cone.uasset" 12
"../../../Engine/Content/BasicShapes/Cone.uexp" 13
"../../../Engine/Content/EngineMaterials/WorldGridMaterial.uasset" 14
"../../../Engine/Content/EngineMaterials/WorldGridMaterial.uexp" 15
"../../../Engine/Content/ArtTools/RenderToTexture/Meshes/S_1_Unit_Plane.uasset" 16
"../../../Engine/Content/ArtTools/RenderToTexture/Meshes/S_1_Unit_Plane.uexp" 17
"../../../Engine/Content/EditorLandscapeResources/DefaultAlphaTexture.uasset" 18
"../../../Engine/Content/EditorLandscapeResources/DefaultAlphaTexture.uexp" 19
"../../../Engine/Content/EditorLandscapeResources/DataLayer.uasset" 20
"../../../Engine/Content/EditorLandscapeResources/DataLayer.uexp" 21
"../../../Engine/Content/EditorMaterials/PreviewShadowIndicator.ubulk" 22
"../../../Engine/Content/EditorMaterials/PreviewShadowIndicator.uasset" 23
"../../../Engine/Content/EditorMaterials/PreviewShadowIndicator.uexp" 24
"../../../Engine/Content/EditorMaterials/PreviewShadowIndicatorMaterial.uasset" 25
"../../../Engine/Content/EditorMaterials/PreviewShadowIndicatorMaterial.uexp" 26
"../../../Engine/Content/EditorMaterials/MAT_Groups_Visibility.uasset" 27
"../../../Engine/Content/EditorMaterials/MAT_Groups_Visibility.uexp" 28
"../../../Engine/Content/EditorMaterials/MAT_Groups_Toggle.uasset" 29
"../../../Engine/Content/EditorMaterials/MAT_Groups_Toggle.uexp" 30
"../../../Engine/Content/EditorMaterials/MatineeGroups/MAT_Groups_Vector.uasset" 31
"../../../Engine/Content/EditorMaterials/MatineeGroups/MAT_Groups_Vector.uexp" 32
"../../../Engine/Content/EditorMaterials/MatineeGroups/MAT_Groups_Sound.uasset" 33
"../../../Engine/Content/EditorMaterials/MatineeGroups/MAT_Groups_Sound.uexp" 34
"../../../Engine/Content/EditorMaterials/MatineeGroups/MAT_Groups_Slomo.uasset" 35
"../../../Engine/Content/EditorMaterials/MatineeGroups/MAT_Groups_Slomo.uexp" 36
"../../../Engine/Content/EditorMaterials/MatineeGroups/MAT_Groups_Move.uasset" 37
"../../../Engine/Content/EditorMaterials/MatineeGroups/MAT_Groups_Move.uexp" 38
"../../../Engine/Content/EditorMaterials/MatineeGroups/MAT_Groups_Float.uasset" 39
"../../../Engine/Content/EditorMaterials/MatineeGroups/MAT_Groups_Float.uexp" 40
"../../../Engine/Content/EditorMaterials/MatineeGroups/MAT_Groups_Fade.uasset" 41
"../../../Engine/Content/EditorMaterials/MatineeGroups/MAT_Groups_Fade.uexp" 42
"../../../Engine/Content/EditorMaterials/MatineeGroups/MAT_Groups_Event.uasset" 43
"../../../Engine/Content/EditorMaterials/MatineeGroups/MAT_Groups_Event.uexp" 44
"../../../Engine/Content/EditorMaterials/MatineeGroups/MAT_Groups_Director.uasset" 45
"../../../Engine/Content/EditorMaterials/MatineeGroups/MAT_Groups_Director.uexp" 46
"../../../Engine/Content/EditorMaterials/MatineeGroups/MAT_Groups_AudioMaster.uasset" 47
"../../../Engine/Content/EditorMaterials/MatineeGroups/MAT_Groups_AudioMaster.uexp" 48
"../../../Engine/Content/EditorMaterials/MatineeGroups/MAT_Groups_Anim.uasset" 49
"../../../Engine/Content/EditorMaterials/MatineeGroups/MAT_Groups_Anim.uexp" 50
"../../../Engine/Content/EditorMaterials/ParticleSystems/PSysThumbnail_OOD.ubulk" 51
"../../../Engine/Content/EditorMaterials/ParticleSystems/PSysThumbnail_OOD.uasset" 52
"../../../Engine/Content/EditorMaterials/ParticleSystems/PSysThumbnail_OOD.uexp" 53
"../../../Engine/Content/EditorMaterials/ParticleSystems/PSysThumbnail_NoImage.ubulk" 54
"../../../Engine/Content/EditorMaterials/ParticleSystems/PSysThumbnail_NoImage.uasset" 55
"../../../Engine/Content/EditorMaterials/ParticleSystems/PSysThumbnail_NoImage.uexp" 56
"../../../Engine/Content/EditorMaterials/MatineeGroups/MAT_ColorTrack.uasset" 57
"../../../Engine/Content/EditorMaterials/MatineeGroups/MAT_ColorTrack.uexp" 58
"../../../Engine/Content/Functions/Engine_MaterialFunctions02/Utility/MakeFloat4.uasset" 59
"../../../Engine/Content/Functions/Engine_MaterialFunctions02/Utility/MakeFloat4.uexp" 60
"../../../Engine/Content/Functions/Engine_MaterialFunctions02/Utility/MakeFloat3.uasset" 61
"../../../Engine/Content/Functions/Engine_MaterialFunctions02/Utility/MakeFloat3.uexp" 62
"../../../Engine/Content/Functions/Engine_MaterialFunctions02/Utility/BreakOutFloat3Components.uasset" 63
"../../../Engine/Content/Functions/Engine_MaterialFunctions02/Utility/BreakOutFloat3Components.uexp" 64
"../../../Engine/Content/EditorMaterials/WorldPartition/WorldPartitionSpatialHashGridPreviewMaterial.uasset" 65
"../../../Engine/Content/EditorMaterials/WorldPartition/WorldPartitionSpatialHashGridPreviewMaterial.uexp" 66
"../../../Engine/Content/EditorMaterials/Camera/CineMat.uasset" 67
"../../../Engine/Content/EditorMaterials/Camera/CineMat.uexp" 68
"../../../Engine/Content/EditorMaterials/Camera/MI_CineMat_Rig.uasset" 69
"../../../Engine/Content/EditorMaterials/Camera/MI_CineMat_Rig.uexp" 70
"../../../Engine/Content/EditorMeshes/Camera/SM_RailRig_Track.uasset" 71
"../../../Engine/Content/EditorMeshes/Camera/SM_RailRig_Track.uexp" 72
"../../../Engine/Content/EditorMeshes/Camera/SM_RailRig_Mount.uasset" 73
"../../../Engine/Content/EditorMeshes/Camera/SM_RailRig_Mount.uexp" 74
"../../../Engine/Content/EditorMeshes/Camera/SM_CraneRig_Mount.uasset" 75
"../../../Engine/Content/EditorMeshes/Camera/SM_CraneRig_Mount.uexp" 76
"../../../Engine/Content/EditorMeshes/Camera/SM_CraneRig_Body.uasset" 77
"../../../Engine/Content/EditorMeshes/Camera/SM_CraneRig_Body.uexp" 78
"../../../Engine/Content/EditorMeshes/Camera/SM_CraneRig_Base.uasset" 79
"../../../Engine/Content/EditorMeshes/Camera/SM_CraneRig_Base.uexp" 80
"../../../Engine/Content/EditorMeshes/Camera/SM_CraneRig_Arm.uasset" 81
"../../../Engine/Content/EditorMeshes/Camera/SM_CraneRig_Arm.uexp" 82
"../../../Engine/Content/EditorResources/S_TriggerSphere.uasset" 83
"../../../Engine/Content/EditorResources/S_TriggerSphere.uexp" 84
"../../../Engine/Content/EditorResources/S_TriggerCapsule.uasset" 85
"../../../Engine/Content/EditorResources/S_TriggerCapsule.uexp" 86
"../../../Engine/Content/EditorResources/S_TriggerBox.uasset" 87
"../../../Engine/Content/EditorResources/S_TriggerBox.uexp" 88
"../../../Engine/Content/EditorResources/S_Trigger.ubulk" 89
"../../../Engine/Content/EditorResources/S_Trigger.uasset" 90
"../../../Engine/Content/EditorResources/S_Trigger.uexp" 91
"../../../Engine/Content/EditorResources/S_Terrain.ubulk" 92
"../../../Engine/Content/EditorResources/S_Terrain.uasset" 93
"../../../Engine/Content/EditorResources/S_Terrain.uexp" 94
"../../../Engine/Content/EditorResources/S_Solver.ubulk" 95
"../../../Engine/Content/EditorResources/S_Solver.uasset" 96
"../../../Engine/Content/EditorResources/S_Solver.uexp" 97
"../../../Engine/Content/EditorResources/S_BoxReflectionCapture.uasset" 98
"../../../Engine/Content/EditorResources/S_BoxReflectionCapture.uexp" 99
"../../../Engine/Content/EditorResources/S_Actor.ubulk" 100
"../../../Engine/Content/EditorResources/S_Actor.uasset" 101
"../../../Engine/Content/EditorResources/S_Actor.uexp" 102
"../../../Engine/Content/EditorResources/EmptyActor.uasset" 103
"../../../Engine/Content/EditorResources/EmptyActor.uexp" 104
"../../../Engine/Content/EditorResources/BSPVertex.uasset" 105
"../../../Engine/Content/EditorResources/BSPVertex.uexp" 106
"../../../Engine/Content/EditorResources/LightIcons/S_LightError.uasset" 107
"../../../Engine/Content/EditorResources/LightIcons/S_LightError.uexp" 108
"../../../Engine/Content/EditorResources/SequenceRecorder/RecordingIndicator.uasset" 109
"../../../Engine/Content/EditorResources/SequenceRecorder/RecordingIndicator.uexp" 110
"../../../Engine/Content/EditorResources/SequenceRecorder/Countdown.uasset" 111
"../../../Engine/Content/EditorResources/SequenceRecorder/Countdown.uexp" 112
"../../../Engine/Content/EngineDamageTypes/DmgTypeBP_Environmental.uasset" 113
"../../../Engine/Content/EngineDamageTypes/DmgTypeBP_Environmental.uexp" 114
"../../../Engine/Content/Functions/Engine_MaterialFunctions02/Utility/CameraDirectionVector.uasset" 115
"../../../Engine/Content/Functions/Engine_MaterialFunctions02/Utility/CameraDirectionVector.uexp" 116
"../../../Engine/Content/EngineDebugMaterials/VolumeToRender.uasset" 117
"../../../Engine/Content/EngineDebugMaterials/VolumeToRender.uexp" 118
"../../../Engine/Content/EngineDebugMaterials/M_VolumeRenderSphereTracePP.uasset" 119
"../../../Engine/Content/EngineDebugMaterials/M_VolumeRenderSphereTracePP.uexp" 120
"../../../Engine/Content/EngineDebugMaterials/M_SimpleUnlitTranslucent.uasset" 121
"../../../Engine/Content/EngineDebugMaterials/M_SimpleUnlitTranslucent.uexp" 122
"../../../Engine/Content/EngineDebugMaterials/DebugMeshMaterial.uasset" 123
"../../../Engine/Content/EngineDebugMaterials/DebugMeshMaterial.uexp" 124
"../../../Engine/Content/EngineDebugMaterials/DebugEditorMaterial.uasset" 125
"../../../Engine/Content/EngineDebugMaterials/DebugEditorMaterial.uexp" 126
"../../../Engine/Content/EngineFonts/Faces/RobotoLight.uexp" 127
"../../../Engine/Content/EngineFonts/Faces/RobotoLight.uasset" 128
"../../../Engine/Content/EngineFonts/Faces/RobotoLight.ufont" 129
"../../../Engine/Content/EngineFonts/Faces/RobotoBold.uexp" 130
"../../../Engine/Content/EngineFonts/Faces/RobotoBold.uasset" 131
"../../../Engine/Content/EngineFonts/Faces/RobotoBold.ufont" 132
"../../../Engine/Content/EngineFonts/Faces/RobotoRegular.uexp" 133
"../../../Engine/Content/EngineFonts/Faces/RobotoRegular.uasset" 134
"../../../Engine/Content/EngineFonts/Faces/RobotoRegular.ufont" 135
"../../../Engine/Content/EngineFonts/Faces/DroidSansFallback.uexp" 136
"../../../Engine/Content/EngineFonts/Faces/DroidSansFallback.uasset" 137
"../../../Engine/Content/EngineFonts/Faces/DroidSansFallback.ufont" 138
"../../../Engine/Content/EngineFonts/Faces/RobotoItalic.uexp" 139
"../../../Engine/Content/EngineFonts/Faces/RobotoItalic.uasset" 140
"../../../Engine/Content/EngineFonts/Faces/RobotoItalic.ufont" 141
"../../../Engine/Content/EngineFonts/Faces/RobotoBoldItalic.uexp" 142
"../../../Engine/Content/EngineFonts/Faces/RobotoBoldItalic.uasset" 143
"../../../Engine/Content/EngineFonts/Faces/RobotoBoldItalic.ufont" 144
"../../../Engine/Content/EngineFonts/Roboto.uasset" 145
"../../../Engine/Content/EngineFonts/Roboto.uexp" 146
"../../../Engine/Content/EngineResources/WhiteSquareTexture.uasset" 147
"../../../Engine/Content/EngineResources/WhiteSquareTexture.uexp" 148
"../../../Engine/Content/EngineMaterials/Widget3DPassThrough.uasset" 149
"../../../Engine/Content/EngineMaterials/Widget3DPassThrough.uexp" 150
"../../../Engine/Content/EngineMaterials/Widget3DPassThrough_Translucent.uasset" 151
"../../../Engine/Content/EngineMaterials/Widget3DPassThrough_Translucent.uexp" 152
"../../../Engine/Content/EngineMaterials/Widget3DPassThrough_Translucent_OneSided.uasset" 153
"../../../Engine/Content/EngineMaterials/Widget3DPassThrough_Translucent_OneSided.uexp" 154
"../../../Engine/Content/EngineMaterials/Widget3DPassThrough_Opaque.uasset" 155
"../../../Engine/Content/EngineMaterials/Widget3DPassThrough_Opaque.uexp" 156
"../../../Engine/Content/EngineMaterials/Widget3DPassThrough_Opaque_OneSided.uasset" 157
"../../../Engine/Content/EngineMaterials/Widget3DPassThrough_Opaque_OneSided.uexp" 158
"../../../Engine/Content/EngineMaterials/Widget3DPassThrough_Masked_OneSided.uasset" 159
"../../../Engine/Content/EngineMaterials/Widget3DPassThrough_Masked_OneSided.uexp" 160
"../../../Engine/Content/EngineMaterials/Widget3DPassThrough_Masked.uasset" 161
"../../../Engine/Content/EngineMaterials/Widget3DPassThrough_Masked.uexp" 162
"../../../Engine/Content/EngineMaterials/WeightMapPlaceholderTexture.uasset" 163
"../../../Engine/Content/EngineMaterials/WeightMapPlaceholderTexture.uexp" 164
"../../../Engine/Content/EngineMaterials/RemoveSurfaceMaterial.uasset" 165
"../../../Engine/Content/EngineMaterials/RemoveSurfaceMaterial.uexp" 166
"../../../Engine/Content/EngineMaterials/PreintegratedSkinBRDF.uasset" 167
"../../../Engine/Content/EngineMaterials/PreintegratedSkinBRDF.uexp" 168
"../../../Engine/Content/EngineMaterials/DefaultCalibrationGrayscale.uasset" 169
"../../../Engine/Content/EngineMaterials/DefaultCalibrationGrayscale.uexp" 170
"../../../Engine/Content/EngineMaterials/PPM_DefaultCalibrationGrayscale.uasset" 171
"../../../Engine/Content/EngineMaterials/PPM_DefaultCalibrationGrayscale.uexp" 172
"../../../Engine/Content/EngineMaterials/DefaultCalibrationColor.uasset" 173
"../../../Engine/Content/EngineMaterials/DefaultCalibrationColor.uexp" 174
"../../../Engine/Content/EngineMaterials/PPM_DefaultCalibrationColor.uasset" 175
"../../../Engine/Content/EngineMaterials/PPM_DefaultCalibrationColor.uexp" 176
"../../../Engine/Content/EngineMeshes/Sphere.uasset" 177
"../../../Engine/Content/EngineMeshes/Sphere.uexp" 178
"../../../Engine/Content/Functions/Engine_MaterialFunctions02/WorldPositionOffset/CameraOffset.uasset" 179
"../../../Engine/Content/Functions/Engine_MaterialFunctions02/WorldPositionOffset/CameraOffset.uexp" 180
"../../../Engine/Content/EngineMaterials/PhAT_JointLimitMaterial.uasset" 181
"../../../Engine/Content/EngineMaterials/PhAT_JointLimitMaterial.uexp" 182
"../../../Engine/Content/EngineMaterials/InvalidLightmapSettings.ubulk" 183
"../../../Engine/Content/EngineMaterials/InvalidLightmapSettings.uasset" 184
"../../../Engine/Content/EngineMaterials/InvalidLightmapSettings.uexp" 185
"../../../Engine/Content/EngineMaterials/M_InvalidLightmapSettings.uasset" 186
"../../../Engine/Content/EngineMaterials/M_InvalidLightmapSettings.uexp" 187
"../../../Engine/Content/EngineMaterials/MiniFont.uasset" 188
"../../../Engine/Content/EngineMaterials/MiniFont.uexp" 189
"../../../Engine/Content/EngineMaterials/Good64x64TilingNoiseHighFreq.uasset" 190
"../../../Engine/Content/EngineMaterials/Good64x64TilingNoiseHighFreq.uexp" 191
"../../../Engine/Content/EngineMaterials/GizmoMaterial.uasset" 192
"../../../Engine/Content/EngineMaterials/GizmoMaterial.uexp" 193
"../../../Engine/Content/EngineMaterials/BaseFlattenEmissiveMap_VT.uasset" 194
"../../../Engine/Content/EngineMaterials/BaseFlattenEmissiveMap_VT.uexp" 195
"../../../Engine/Content/EngineMaterials/BaseFlattenGrayscaleMap_VT.uasset" 196
"../../../Engine/Content/EngineMaterials/BaseFlattenGrayscaleMap_VT.uexp" 197
"../../../Engine/Content/EngineMaterials/BaseFlattenLinearColor_VT.uasset" 198
"../../../Engine/Content/EngineMaterials/BaseFlattenLinearColor_VT.uexp" 199
"../../../Engine/Content/EngineMaterials/Black_1x1_EXR_Texture_VT.uasset" 200
"../../../Engine/Content/EngineMaterials/Black_1x1_EXR_Texture_VT.uexp" 201
"../../../Engine/Content/EngineMaterials/BaseFlattenDiffuseMap_VT.uasset" 202
"../../../Engine/Content/EngineMaterials/BaseFlattenDiffuseMap_VT.uexp" 203
"../../../Engine/Content/EngineMaterials/BaseFlattenNormalMap_VT.uasset" 204
"../../../Engine/Content/EngineMaterials/BaseFlattenNormalMap_VT.uexp" 205
"../../../Engine/Content/EngineMaterials/FlattenMaterial_WS_Normal_VT.uasset" 206
"../../../Engine/Content/EngineMaterials/FlattenMaterial_WS_Normal_VT.uexp" 207
"../../../Engine/Content/EngineMaterials/FlattenMaterial_VT.uasset" 208
"../../../Engine/Content/EngineMaterials/FlattenMaterial_VT.uexp" 209
"../../../Engine/Content/EngineMaterials/BaseFlattenNormalMap.uasset" 210
"../../../Engine/Content/EngineMaterials/BaseFlattenNormalMap.uexp" 211
"../../../Engine/Content/EngineMaterials/BaseFlattenGrayscaleMap.uasset" 212
"../../../Engine/Content/EngineMaterials/BaseFlattenGrayscaleMap.uexp" 213
"../../../Engine/Content/EngineMaterials/BaseFlattenDiffuseMap.uasset" 214
"../../../Engine/Content/EngineMaterials/BaseFlattenDiffuseMap.uexp" 215
"../../../Engine/Content/Functions/Engine_MaterialFunctions02/PivotPainter2/Black_1x1_EXR_Texture.uasset" 216
"../../../Engine/Content/Functions/Engine_MaterialFunctions02/PivotPainter2/Black_1x1_EXR_Texture.uexp" 217
"../../../Engine/Content/EngineMaterials/BaseFlattenEmissiveMap.uasset" 218
"../../../Engine/Content/EngineMaterials/BaseFlattenEmissiveMap.uexp" 219
"../../../Engine/Content/EngineMaterials/BaseFlattenLinearColor.uasset" 220
"../../../Engine/Content/EngineMaterials/BaseFlattenLinearColor.uexp" 221
"../../../Engine/Content/EngineMaterials/FlattenMaterial.uasset" 222
"../../../Engine/Content/EngineMaterials/FlattenMaterial.uexp" 223
"../../../Engine/Content/EngineMaterials/DefaultWhiteGrid_Low.uasset" 224
"../../../Engine/Content/EngineMaterials/DefaultWhiteGrid_Low.uexp" 225
"../../../Engine/Content/EngineMaterials/EmissiveMeshMaterial.uasset" 226
"../../../Engine/Content/EngineMaterials/EmissiveMeshMaterial.uexp" 227
"../../../Engine/Content/EngineMaterials/DefaultWhiteGrid.ubulk" 228
"../../../Engine/Content/EngineMaterials/DefaultWhiteGrid.uasset" 229
"../../../Engine/Content/EngineMaterials/DefaultWhiteGrid.uexp" 230
"../../../Engine/Content/EngineFonts/RobotoDistanceField.uasset" 231
"../../../Engine/Content/EngineFonts/RobotoDistanceField.uexp" 232
"../../../Engine/Content/EngineMaterials/DefaultTextMaterialOpaque.uasset" 233
"../../../Engine/Content/EngineMaterials/DefaultTextMaterialOpaque.uexp" 234
"../../../Engine/Content/EngineMaterials/DefaultDiffuse.ubulk" 235
"../../../Engine/Content/EngineMaterials/DefaultDiffuse.uasset" 236
"../../../Engine/Content/EngineMaterials/DefaultDiffuse.uexp" 237
"../../../Engine/Content/Functions/Engine_MaterialFunctions02/Utility/BreakOutFloat2Components.uasset" 238
"../../../Engine/Content/Functions/Engine_MaterialFunctions02/Utility/BreakOutFloat2Components.uexp" 239
"../../../Engine/Content/EngineMaterials/DefaultPostProcessMaterial.uasset" 240
"../../../Engine/Content/EngineMaterials/DefaultPostProcessMaterial.uexp" 241
"../../../Engine/Content/EngineMaterials/DefaultPhysicalMaterial.uasset" 242
"../../../Engine/Content/EngineMaterials/DefaultPhysicalMaterial.uexp" 243
"../../../Engine/Content/EngineMaterials/DefaultLightFunctionMaterial.uasset" 244
"../../../Engine/Content/EngineMaterials/DefaultLightFunctionMaterial.uexp" 245
"../../../Engine/Content/EngineMaterials/DefaultDestructiblePhysicalMaterial.uasset" 246
"../../../Engine/Content/EngineMaterials/DefaultDestructiblePhysicalMaterial.uexp" 247
"../../../Engine/Content/EngineMaterials/DefaultDeferredDecalMaterial.uasset" 248
"../../../Engine/Content/EngineMaterials/DefaultDeferredDecalMaterial.uexp" 249
"../../../Engine/Content/EngineMaterials/DefaultBokeh.uasset" 250
"../../../Engine/Content/EngineMaterials/DefaultBokeh.uexp" 251
"../../../Engine/Content/EngineMaterials/DefaultBloomKernel.uasset" 252
"../../../Engine/Content/EngineMaterials/DefaultBloomKernel.uexp" 253
"../../../Engine/Content/EngineMaterials/BlueNoise.uasset" 254
"../../../Engine/Content/EngineMaterials/BlueNoise.uexp" 255
"../../../Engine/Content/EngineResources/GradientTexture0.uasset" 256
"../../../Engine/Content/EngineResources/GradientTexture0.uexp" 257
"../../../Engine/Content/EngineResources/DefaultVolumeTexture2D.uasset" 258
"../../../Engine/Content/EngineResources/DefaultVolumeTexture2D.uexp" 259
"../../../Engine/Content/EngineResources/DefaultVolumeTexture.uasset" 260
"../../../Engine/Content/EngineResources/DefaultVolumeTexture.uexp" 261
"../../../Engine/Content/EngineResources/DefaultTextureCube.uasset" 262
"../../../Engine/Content/EngineResources/DefaultTextureCube.uexp" 263
"../../../Engine/Content/EngineResources/DefaultTexture.ubulk" 264
"../../../Engine/Content/EngineResources/DefaultTexture.uasset" 265
"../../../Engine/Content/EngineResources/DefaultTexture.uexp" 266
"../../../Engine/Content/EngineResources/FilmGrains/Marcie_Grain_v3_128_M2_000.uasset" 267
"../../../Engine/Content/EngineResources/FilmGrains/Marcie_Grain_v3_128_M2_000.uexp" 268
"../../../Engine/Content/EngineSky/VolumetricClouds/CloudWeatherTexture.uasset" 269
"../../../Engine/Content/EngineSky/VolumetricClouds/CloudWeatherTexture.uexp" 270
"../../../Engine/Content/Functions/Engine_MaterialFunctions02/Utility/MakeFloat2.uasset" 271
"../../../Engine/Content/Functions/Engine_MaterialFunctions02/Utility/MakeFloat2.uexp" 272
"../../../Engine/Content/EngineSky/VolumetricClouds/CloudGradientTexture.uasset" 273
"../../../Engine/Content/EngineSky/VolumetricClouds/CloudGradientTexture.uexp" 274
"../../../Engine/Content/EngineSky/VolumetricClouds/T_NoiseShape64.ubulk" 275
"../../../Engine/Content/EngineSky/VolumetricClouds/T_NoiseShape64.uasset" 276
"../../../Engine/Content/EngineSky/VolumetricClouds/T_NoiseShape64.uexp" 277
"../../../Engine/Content/EngineSky/VolumetricClouds/T_VolumeNoiseShape64.uasset" 278
"../../../Engine/Content/EngineSky/VolumetricClouds/T_VolumeNoiseShape64.uexp" 279
"../../../Engine/Content/EngineSky/VolumetricClouds/T_NoiseErosion.ubulk" 280
"../../../Engine/Content/EngineSky/VolumetricClouds/T_NoiseErosion.uasset" 281
"../../../Engine/Content/EngineSky/VolumetricClouds/T_NoiseErosion.uexp" 282
"../../../Engine/Content/EngineSky/VolumetricClouds/T_VolumeNoiseErosion32.uasset" 283
"../../../Engine/Content/EngineSky/VolumetricClouds/T_VolumeNoiseErosion32.uexp" 284
"../../../Engine/Content/EngineSky/VolumetricClouds/m_SimpleVolumetricCloud.uasset" 285
"../../../Engine/Content/EngineSky/VolumetricClouds/m_SimpleVolumetricCloud.uexp" 286
"../../../Engine/Content/EngineSky/VolumetricClouds/m_SimpleVolumetricCloud_Inst.uasset" 287
"../../../Engine/Content/EngineSky/VolumetricClouds/m_SimpleVolumetricCloud_Inst.uexp" 288
"../../../Engine/Content/EngineSounds/Master.uasset" 289
"../../../Engine/Content/EngineSounds/Master.uexp" 290
"../../../Engine/Content/Functions/Engine_MaterialFunctions01/Shading/PowerToRoughness.uasset" 291
"../../../Engine/Content/Functions/Engine_MaterialFunctions01/Shading/PowerToRoughness.uexp" 292
"../../../Engine/Content/Functions/Engine_MaterialFunctions01/Shading/ConvertFromDiffSpec.uasset" 293
"../../../Engine/Content/Functions/Engine_MaterialFunctions01/Shading/ConvertFromDiffSpec.uexp" 294
"../../../Engine/Content/MobileResources/HUD/VirtualJoystick_Background.uasset" 295
"../../../Engine/Content/MobileResources/HUD/VirtualJoystick_Background.uexp" 296
"../../../Engine/Content/MobileResources/HUD/VirtualJoystick_Thumb.uasset" 297
"../../../Engine/Content/MobileResources/HUD/VirtualJoystick_Thumb.uexp" 298
"../../../Engine/Content/MobileResources/HUD/DefaultVirtualJoysticks.uasset" 299
"../../../Engine/Content/MobileResources/HUD/DefaultVirtualJoysticks.uexp" 300
"../../../Engine/Content/Tutorial/ContentIntroCurve.uasset" 301
"../../../Engine/Content/Tutorial/ContentIntroCurve.uexp" 302
"../../../Engine/Content/VREditor/TransformGizmo/Main.uasset" 303
"../../../Engine/Content/VREditor/TransformGizmo/Main.uexp" 304
"../../../Engine/Content/VREditor/TransformGizmo/Xray.uasset" 305
"../../../Engine/Content/VREditor/TransformGizmo/Xray.uexp" 306
"../../../Engine/Content/VREditor/TransformGizmo/SM_Sequencer_Node.uasset" 307
"../../../Engine/Content/VREditor/TransformGizmo/SM_Sequencer_Node.uexp" 308
"../../../Engine/Content/VREditor/LaserPointer/VR_LaserPower_01.ubulk" 309
"../../../Engine/Content/VREditor/LaserPointer/VR_LaserPower_01.uasset" 310
"../../../Engine/Content/VREditor/LaserPointer/VR_LaserPower_01.uexp" 311
"../../../Engine/Content/VREditor/TransformGizmo/TransformGizmoMaterial.uasset" 312
"../../../Engine/Content/VREditor/TransformGizmo/TransformGizmoMaterial.uexp" 313
"../../../Engine/Content/VREditor/TransformGizmo/TranslucentTransformGizmoMaterial.uasset" 314
"../../../Engine/Content/VREditor/TransformGizmo/TranslucentTransformGizmoMaterial.uexp" 315
"../../../Engine/Content/VREditor/TransformGizmo/PlaneTranslationHandle.uasset" 316
"../../../Engine/Content/VREditor/TransformGizmo/PlaneTranslationHandle.uexp" 317
"../../../Engine/Content/VREditor/TransformGizmo/BoundingBoxEdge.uasset" 318
"../../../Engine/Content/VREditor/TransformGizmo/BoundingBoxEdge.uexp" 319
"../../../Engine/Content/VREditor/TransformGizmo/BoundingBoxCorner.uasset" 320
"../../../Engine/Content/VREditor/TransformGizmo/BoundingBoxCorner.uexp" 321
"../../../Engine/Plugins/2D/Paper2D/Content/PlaceholderTextures/DummySpriteTexture.ubulk" 322
"../../../Engine/Plugins/2D/Paper2D/Content/PlaceholderTextures/DummySpriteTexture.uasset" 323
"../../../Engine/Plugins/2D/Paper2D/Content/PlaceholderTextures/DummySpriteTexture.uexp" 324
"../../../Engine/Plugins/2D/Paper2D/Content/DefaultSpriteMaterial.uasset" 325
"../../../Engine/Plugins/2D/Paper2D/Content/DefaultSpriteMaterial.uexp" 326
"../../../Engine/Plugins/2D/Paper2D/Content/OpaqueUnlitSpriteMaterial.uasset" 327
"../../../Engine/Plugins/2D/Paper2D/Content/OpaqueUnlitSpriteMaterial.uexp" 328
"../../../Engine/Plugins/2D/Paper2D/Content/MaskedUnlitSpriteMaterial.uasset" 329
"../../../Engine/Plugins/2D/Paper2D/Content/MaskedUnlitSpriteMaterial.uexp" 330
"../../../Engine/Plugins/2D/Paper2D/Content/DummySprite.uasset" 331
"../../../Engine/Plugins/2D/Paper2D/Content/DummySprite.uexp" 332
"../../../Engine/Plugins/2D/Paper2D/Content/DefaultPaperTerrainMaterial.uasset" 333
"../../../Engine/Plugins/2D/Paper2D/Content/DefaultPaperTerrainMaterial.uexp" 334
"../../../Engine/Plugins/Animation/ControlRig/Content/M_Manip.uasset" 335
"../../../Engine/Plugins/Animation/ControlRig/Content/M_Manip.uexp" 336
"../../../Engine/Plugins/Animation/ControlRig/Content/Controls/DefaultGizmoLibraryNormalized.uasset" 337
"../../../Engine/Plugins/Animation/ControlRig/Content/Controls/DefaultGizmoLibraryNormalized.uexp" 338
"../../../Engine/Plugins/Animation/ControlRig/Content/Controls/ControlRig_Wedge_solid.uasset" 339
"../../../Engine/Plugins/Animation/ControlRig/Content/Controls/ControlRig_Wedge_solid.uexp" 340
"../../../Engine/Plugins/Animation/ControlRig/Content/Controls/ControlRig_Wedge_3mm.uasset" 341
"../../../Engine/Plugins/Animation/ControlRig/Content/Controls/ControlRig_Wedge_3mm.uexp" 342
"../../../Engine/Plugins/Animation/ControlRig/Content/Controls/ControlRig_Wedge_1mm.uasset" 343
"../../../Engine/Plugins/Animation/ControlRig/Content/Controls/ControlRig_Wedge_1mm.uexp" 344
"../../../Engine/Plugins/Animation/ControlRig/Content/Controls/ControlRig_Triangle_solid.uasset" 345
"../../../Engine/Plugins/Animation/ControlRig/Content/Controls/ControlRig_Triangle_solid.uexp" 346
"../../../Engine/Plugins/Animation/ControlRig/Content/Controls/ControlRig_Triangle_3mm.uasset" 347
"../../../Engine/Plugins/Animation/ControlRig/Content/Controls/ControlRig_Triangle_3mm.uexp" 348
"../../../Engine/Plugins/Animation/ControlRig/Content/Controls/ControlRig_Triangle_1mm.uasset" 349
"../../../Engine/Plugins/Animation/ControlRig/Content/Controls/ControlRig_Triangle_1mm.uexp" 350
"../../../Engine/Plugins/Animation/ControlRig/Content/Controls/ControlRig_Star4_solid.uasset" 351
"../../../Engine/Plugins/Animation/ControlRig/Content/Controls/ControlRig_Star4_solid.uexp" 352
"../../../Engine/Plugins/Animation/ControlRig/Content/Controls/ControlRig_Star4_3mm.uasset" 353
"../../../Engine/Plugins/Animation/ControlRig/Content/Controls/ControlRig_Star4_3mm.uexp" 354
"../../../Engine/Plugins/Animation/ControlRig/Content/Controls/ControlRig_Star4_1mm.uasset" 355
"../../../Engine/Plugins/Animation/ControlRig/Content/Controls/ControlRig_Star4_1mm.uexp" 356
"../../../Engine/Plugins/Animation/ControlRig/Content/Controls/ControlRig_Square_solid.uasset" 357
"../../../Engine/Plugins/Animation/ControlRig/Content/Controls/ControlRig_Square_solid.uexp" 358
"../../../Engine/Plugins/Animation/ControlRig/Content/Controls/ControlRig_Square_3mm.uasset" 359
"../../../Engine/Plugins/Animation/ControlRig/Content/Controls/ControlRig_Square_3mm.uexp" 360
"../../../Engine/Plugins/Animation/ControlRig/Content/Controls/ControlRig_Square_1mm.uasset" 361
"../../../Engine/Plugins/Animation/ControlRig/Content/Controls/ControlRig_Square_1mm.uexp" 362
"../../../Engine/Plugins/Animation/ControlRig/Content/Controls/ControlRig_Sphere_solid.uasset" 363
"../../../Engine/Plugins/Animation/ControlRig/Content/Controls/ControlRig_Sphere_solid.uexp" 364
"../../../Engine/Plugins/Animation/ControlRig/Content/Controls/ControlRig_Sphere_3mm.uasset" 365
"../../../Engine/Plugins/Animation/ControlRig/Content/Controls/ControlRig_Sphere_3mm.uexp" 366
"../../../Engine/Plugins/Animation/ControlRig/Content/Controls/ControlRig_Sphere_1mm.uasset" 367
"../../../Engine/Plugins/Animation/ControlRig/Content/Controls/ControlRig_Sphere_1mm.uexp" 368
"../../../Engine/Plugins/Animation/ControlRig/Content/Controls/ControlRig_RoundedTriangle_solid.uasset" 369
"../../../Engine/Plugins/Animation/ControlRig/Content/Controls/ControlRig_RoundedTriangle_solid.uexp" 370
"../../../Engine/Plugins/Animation/ControlRig/Content/Controls/ControlRig_RoundedTriangle_3mm.uasset" 371
"../../../Engine/Plugins/Animation/ControlRig/Content/Controls/ControlRig_RoundedTriangle_3mm.uexp" 372
"../../../Engine/Plugins/Animation/ControlRig/Content/Controls/ControlRig_RoundedTriangle_1mm.uasset" 373
"../../../Engine/Plugins/Animation/ControlRig/Content/Controls/ControlRig_RoundedTriangle_1mm.uexp" 374
"../../../Engine/Plugins/Animation/ControlRig/Content/Controls/ControlRig_RoundedSquare_solid.uasset" 375
"../../../Engine/Plugins/Animation/ControlRig/Content/Controls/ControlRig_RoundedSquare_solid.uexp" 376
"../../../Engine/Plugins/Animation/ControlRig/Content/Controls/ControlRig_RoundedSquare_3mm.uasset" 377
"../../../Engine/Plugins/Animation/ControlRig/Content/Controls/ControlRig_RoundedSquare_3mm.uexp" 378
"../../../Engine/Plugins/Animation/ControlRig/Content/Controls/ControlRig_RoundedSquare_1mm.uasset" 379
"../../../Engine/Plugins/Animation/ControlRig/Content/Controls/ControlRig_RoundedSquare_1mm.uexp" 380
"../../../Engine/Plugins/Animation/ControlRig/Content/Controls/ControlRig_QuarterCircle_solid.uasset" 381
"../../../Engine/Plugins/Animation/ControlRig/Content/Controls/ControlRig_QuarterCircle_solid.uexp" 382
"../../../Engine/Plugins/Animation/ControlRig/Content/Controls/ControlRig_QuarterCircle_3mm.uasset" 383
"../../../Engine/Plugins/Animation/ControlRig/Content/Controls/ControlRig_QuarterCircle_3mm.uexp" 384
"../../../Engine/Plugins/Animation/ControlRig/Content/Controls/ControlRig_QuarterCircle_1mm.uasset" 385
"../../../Engine/Plugins/Animation/ControlRig/Content/Controls/ControlRig_QuarterCircle_1mm.uexp" 386
"../../../Engine/Plugins/Animation/ControlRig/Content/Controls/ControlRig_Pyramid_solid.uasset" 387
"../../../Engine/Plugins/Animation/ControlRig/Content/Controls/ControlRig_Pyramid_solid.uexp" 388
"../../../Engine/Plugins/Animation/ControlRig/Content/Controls/ControlRig_Pyramid_3mm.uasset" 389
"../../../Engine/Plugins/Animation/ControlRig/Content/Controls/ControlRig_Pyramid_3mm.uexp" 390
"../../../Engine/Plugins/Animation/ControlRig/Content/Controls/ControlRig_Pyramid_1mm.uasset" 391
"../../../Engine/Plugins/Animation/ControlRig/Content/Controls/ControlRig_Pyramid_1mm.uexp" 392
"../../../Engine/Plugins/Animation/ControlRig/Content/Controls/ControlRig_Octagon_solid.uasset" 393
"../../../Engine/Plugins/Animation/ControlRig/Content/Controls/ControlRig_Octagon_solid.uexp" 394
"../../../Engine/Plugins/Animation/ControlRig/Content/Controls/ControlRig_Octagon_3mm.uasset" 395
"../../../Engine/Plugins/Animation/ControlRig/Content/Controls/ControlRig_Octagon_3mm.uexp" 396
"../../../Engine/Plugins/Animation/ControlRig/Content/Controls/ControlRig_Octagon_1mm.uasset" 397
"../../../Engine/Plugins/Animation/ControlRig/Content/Controls/ControlRig_Octagon_1mm.uexp" 398
"../../../Engine/Plugins/Animation/ControlRig/Content/Controls/ControlRig_Hexagon_solid.uasset" 399
"../../../Engine/Plugins/Animation/ControlRig/Content/Controls/ControlRig_Hexagon_solid.uexp" 400
"../../../Engine/Plugins/Animation/ControlRig/Content/Controls/ControlRig_Hexagon_3mm.uasset" 401
"../../../Engine/Plugins/Animation/ControlRig/Content/Controls/ControlRig_Hexagon_3mm.uexp" 402
"../../../Engine/Plugins/Animation/ControlRig/Content/Controls/ControlRig_Hexagon_1mm.uasset" 403
"../../../Engine/Plugins/Animation/ControlRig/Content/Controls/ControlRig_Hexagon_1mm.uexp" 404
"../../../Engine/Plugins/Animation/ControlRig/Content/Controls/ControlRig_HalfCircle_solid.uasset" 405
"../../../Engine/Plugins/Animation/ControlRig/Content/Controls/ControlRig_HalfCircle_solid.uexp" 406
"../../../Engine/Plugins/Animation/ControlRig/Content/Controls/ControlRig_HalfCircle_3mm.uasset" 407
"../../../Engine/Plugins/Animation/ControlRig/Content/Controls/ControlRig_HalfCircle_3mm.uexp" 408
"../../../Engine/Plugins/Animation/ControlRig/Content/Controls/ControlRig_HalfCircle_1mm.uasset" 409
"../../../Engine/Plugins/Animation/ControlRig/Content/Controls/ControlRig_HalfCircle_1mm.uexp" 410
"../../../Engine/Plugins/Animation/ControlRig/Content/Controls/ControlRig_Diamond_solid.uasset" 411
"../../../Engine/Plugins/Animation/ControlRig/Content/Controls/ControlRig_Diamond_solid.uexp" 412
"../../../Engine/Plugins/Animation/ControlRig/Content/Controls/ControlRig_Diamond_3mm.uasset" 413
"../../../Engine/Plugins/Animation/ControlRig/Content/Controls/ControlRig_Diamond_3mm.uexp" 414
"../../../Engine/Plugins/Animation/ControlRig/Content/Controls/ControlRig_Diamond_1mm.uasset" 415
"../../../Engine/Plugins/Animation/ControlRig/Content/Controls/ControlRig_Diamond_1mm.uexp" 416
"../../../Engine/Plugins/Animation/ControlRig/Content/Controls/ControlRig_Circle_solid.uasset" 417
"../../../Engine/Plugins/Animation/ControlRig/Content/Controls/ControlRig_Circle_solid.uexp" 418
"../../../Engine/Plugins/Animation/ControlRig/Content/Controls/ControlRig_Circle_3mm.uasset" 419
"../../../Engine/Plugins/Animation/ControlRig/Content/Controls/ControlRig_Circle_3mm.uexp" 420
"../../../Engine/Plugins/Animation/ControlRig/Content/Controls/ControlRig_Circle_1mm.uasset" 421
"../../../Engine/Plugins/Animation/ControlRig/Content/Controls/ControlRig_Circle_1mm.uexp" 422
"../../../Engine/Plugins/Animation/ControlRig/Content/Controls/ControlRig_Box_solid.uasset" 423
"../../../Engine/Plugins/Animation/ControlRig/Content/Controls/ControlRig_Box_solid.uexp" 424
"../../../Engine/Plugins/Animation/ControlRig/Content/Controls/ControlRig_Box_3mm.uasset" 425
"../../../Engine/Plugins/Animation/ControlRig/Content/Controls/ControlRig_Box_3mm.uexp" 426
"../../../Engine/Plugins/Animation/ControlRig/Content/Controls/ControlRig_Box_1mm.uasset" 427
"../../../Engine/Plugins/Animation/ControlRig/Content/Controls/ControlRig_Box_1mm.uexp" 428
"../../../Engine/Plugins/Animation/ControlRig/Content/Controls/ControlRig_Arrow_solid.uasset" 429
"../../../Engine/Plugins/Animation/ControlRig/Content/Controls/ControlRig_Arrow_solid.uexp" 430
"../../../Engine/Plugins/Animation/ControlRig/Content/Controls/ControlRig_Arrow_3mm.uasset" 431
"../../../Engine/Plugins/Animation/ControlRig/Content/Controls/ControlRig_Arrow_3mm.uexp" 432
"../../../Engine/Plugins/Animation/ControlRig/Content/Controls/ControlRig_Arrow_1mm.uasset" 433
"../../../Engine/Plugins/Animation/ControlRig/Content/Controls/ControlRig_Arrow_1mm.uexp" 434
"../../../Engine/Plugins/Animation/ControlRig/Content/Controls/ControlRig_Arrow4_solid.uasset" 435
"../../../Engine/Plugins/Animation/ControlRig/Content/Controls/ControlRig_Arrow4_solid.uexp" 436
"../../../Engine/Plugins/Animation/ControlRig/Content/Controls/ControlRig_Arrow4_3mm.uasset" 437
"../../../Engine/Plugins/Animation/ControlRig/Content/Controls/ControlRig_Arrow4_3mm.uexp" 438
"../../../Engine/Plugins/Animation/ControlRig/Content/Controls/ControlRig_Arrow4_1mm.uasset" 439
"../../../Engine/Plugins/Animation/ControlRig/Content/Controls/ControlRig_Arrow4_1mm.uexp" 440
"../../../Engine/Plugins/Animation/ControlRig/Content/Controls/ControlRig_Arrow2_solid.uasset" 441
"../../../Engine/Plugins/Animation/ControlRig/Content/Controls/ControlRig_Arrow2_solid.uexp" 442
"../../../Engine/Plugins/Animation/ControlRig/Content/Controls/ControlRig_Arrow2_3mm.uasset" 443
"../../../Engine/Plugins/Animation/ControlRig/Content/Controls/ControlRig_Arrow2_3mm.uexp" 444
"../../../Engine/Plugins/Animation/ControlRig/Content/Controls/ControlRig_Arrow2_1mm.uasset" 445
"../../../Engine/Plugins/Animation/ControlRig/Content/Controls/ControlRig_Arrow2_1mm.uexp" 446
"../../../Engine/Plugins/Animation/ControlRig/Content/Controls/ControlRigGizmoMaterial.uasset" 447
"../../../Engine/Plugins/Animation/ControlRig/Content/Controls/ControlRigGizmoMaterial.uexp" 448
"../../../Engine/Plugins/Editor/SpeedTreeImporter/Content/SpeedTree9/game_wind_noise.ubulk" 449
"../../../Engine/Plugins/Editor/SpeedTreeImporter/Content/SpeedTree9/game_wind_noise.uasset" 450
"../../../Engine/Plugins/Editor/SpeedTreeImporter/Content/SpeedTree9/game_wind_noise.uexp" 451
"../../../Engine/Plugins/Editor/SpeedTreeImporter/Content/SpeedTree9/UnpackDirection.uasset" 452
"../../../Engine/Plugins/Editor/SpeedTreeImporter/Content/SpeedTree9/UnpackDirection.uexp" 453
"../../../Engine/Content/Functions/Engine_MaterialFunctions02/ObjectLocalBounds.uasset" 454
"../../../Engine/Content/Functions/Engine_MaterialFunctions02/ObjectLocalBounds.uexp" 455
"../../../Engine/Content/Functions/Engine_MaterialFunctions02/UVs/BoundingBoxBased_0-1_UVW.uasset" 456
"../../../Engine/Content/Functions/Engine_MaterialFunctions02/UVs/BoundingBoxBased_0-1_UVW.uexp" 457
"../../../Engine/Content/Functions/Engine_MaterialFunctions02/Utility/VectorLength.uasset" 458
"../../../Engine/Content/Functions/Engine_MaterialFunctions02/Utility/VectorLength.uexp" 459
"../../../Engine/Plugins/Editor/SpeedTreeImporter/Content/SpeedTree9/UnpackInteger3.uasset" 460
"../../../Engine/Plugins/Editor/SpeedTreeImporter/Content/SpeedTree9/UnpackInteger3.uexp" 461
"../../../Engine/Plugins/Editor/SpeedTreeImporter/Content/SpeedTree9/SpeedTreeCameraFacing.uasset" 462
"../../../Engine/Plugins/Editor/SpeedTreeImporter/Content/SpeedTree9/SpeedTreeCameraFacing.uexp" 463
"../../../Engine/Content/Functions/Engine_MaterialFunctions02/WorldPositionOffset/ObjectScale.uasset" 464
"../../../Engine/Content/Functions/Engine_MaterialFunctions02/WorldPositionOffset/ObjectScale.uexp" 465
"../../../Engine/Content/Functions/Engine_MaterialFunctions02/SafeNormalize.uasset" 466
"../../../Engine/Content/Functions/Engine_MaterialFunctions02/SafeNormalize.uexp" 467
"../../../Engine/Plugins/Editor/SpeedTreeImporter/Content/SpeedTree9/SpeedTreeWindMotion.uasset" 468
"../../../Engine/Plugins/Editor/SpeedTreeImporter/Content/SpeedTree9/SpeedTreeWindMotion.uexp" 469
"../../../Engine/Plugins/Editor/SpeedTreeImporter/Content/SpeedTree9/SpeedTreeBranchMotion.uasset" 470
"../../../Engine/Plugins/Editor/SpeedTreeImporter/Content/SpeedTree9/SpeedTreeBranchMotion.uexp" 471
"../../../Engine/Plugins/Editor/SpeedTreeImporter/Content/SpeedTree9/SpeedTreeWind.uasset" 472
"../../../Engine/Plugins/Editor/SpeedTreeImporter/Content/SpeedTree9/SpeedTreeWind.uexp" 473
"../../../Engine/Plugins/Editor/SpeedTreeImporter/Content/SpeedTree9/EmptyNormal.uasset" 474
"../../../Engine/Plugins/Editor/SpeedTreeImporter/Content/SpeedTree9/EmptyNormal.uexp" 475
"../../../Engine/Plugins/Editor/SpeedTreeImporter/Content/SpeedTree9/Empty.uasset" 476
"../../../Engine/Plugins/Editor/SpeedTreeImporter/Content/SpeedTree9/Empty.uexp" 477
"../../../Engine/Plugins/Editor/SpeedTreeImporter/Content/SpeedTree9/SpeedTreeMaster.uasset" 478
"../../../Engine/Plugins/Editor/SpeedTreeImporter/Content/SpeedTree9/SpeedTreeMaster.uexp" 479
"../../../Engine/Plugins/Editor/SpeedTreeImporter/Content/SpeedTree9/SpeedTreeBillboard.uasset" 480
"../../../Engine/Plugins/Editor/SpeedTreeImporter/Content/SpeedTree9/SpeedTreeBillboard.uexp" 481
"../../../Engine/Plugins/Editor/SpeedTreeImporter/Content/SpeedTree9/SpeedTreeBillboardMaster.uasset" 482
"../../../Engine/Plugins/Editor/SpeedTreeImporter/Content/SpeedTree9/SpeedTreeBillboardMaster.uexp" 483
"../../../Engine/Plugins/Runtime/HairStrands/Content/Materials/HairMeshesDefaultMaterial.uasset" 484
"../../../Engine/Plugins/Runtime/HairStrands/Content/Materials/HairMeshesDefaultMaterial.uexp" 485
"../../../Engine/Plugins/Runtime/HairStrands/Content/Materials/HairDefaultMaterial.uasset" 486
"../../../Engine/Plugins/Runtime/HairStrands/Content/Materials/HairDefaultMaterial.uexp" 487
"../../../Engine/Plugins/Runtime/HairStrands/Content/Materials/HairGroupColors.uasset" 488
"../../../Engine/Plugins/Runtime/HairStrands/Content/Materials/HairGroupColors.uexp" 489
"../../../Engine/Content/EngineMaterials/HairColorMap.uasset" 490
"../../../Engine/Content/EngineMaterials/HairColorMap.uexp" 491
"../../../Engine/Content/EngineMaterials/HairDebugColor.uasset" 492
"../../../Engine/Content/EngineMaterials/HairDebugColor.uexp" 493
"../../../Engine/Plugins/Runtime/HairStrands/Content/Materials/HairDebugMaterial.uasset" 494
"../../../Engine/Plugins/Runtime/HairStrands/Content/Materials/HairDebugMaterial.uexp" 495
"../../../Engine/Plugins/Runtime/HairStrands/Content/Materials/HairCardsDefaultMaterial.uasset" 496
"../../../Engine/Plugins/Runtime/HairStrands/Content/Materials/HairCardsDefaultMaterial.uexp" 497
"../../../Engine/Plugins/Runtime/Oculus/OculusVR/Content/Materials/PokeAHoleMaterial.uasset" 498
"../../../Engine/Plugins/Runtime/Oculus/OculusVR/Content/Materials/PokeAHoleMaterial.uexp" 499
"../../../Engine/Plugins/Runtime/Oculus/OculusVR/Content/Materials/OculusMR_OpaqueColoredMaterial.uasset" 500
"../../../Engine/Plugins/Runtime/Oculus/OculusVR/Content/Materials/OculusMR_OpaqueColoredMaterial.uexp" 501
"../../../Engine/Content/Functions/Engine_MaterialFunctions02/Utility/BreakOutFloat4Components.uasset" 502
"../../../Engine/Content/Functions/Engine_MaterialFunctions02/Utility/BreakOutFloat4Components.uexp" 503
"../../../Engine/Plugins/Runtime/Oculus/OculusVR/Content/Materials/OculusMR_ChromaKey.uasset" 504
"../../../Engine/Plugins/Runtime/Oculus/OculusVR/Content/Materials/OculusMR_ChromaKey.uexp" 505
"../../../Engine/Plugins/Runtime/Oculus/OculusVR/Content/Textures/TouchForQuestRiftSController_albedo.ubulk" 506
"../../../Engine/Plugins/Runtime/Oculus/OculusVR/Content/Textures/TouchForQuestRiftSController_albedo.uasset" 507
"../../../Engine/Plugins/Runtime/Oculus/OculusVR/Content/Textures/TouchForQuestRiftSController_albedo.uexp" 508
"../../../Engine/Plugins/Runtime/Oculus/OculusVR/Content/Materials/TouchForQuestRiftSControllerMaterial.uasset" 509
"../../../Engine/Plugins/Runtime/Oculus/OculusVR/Content/Materials/TouchForQuestRiftSControllerMaterial.uexp" 510
"../../../Engine/Plugins/Runtime/Oculus/OculusVR/Content/Meshes/RightTouchForQuestRiftSController.uasset" 511
"../../../Engine/Plugins/Runtime/Oculus/OculusVR/Content/Meshes/RightTouchForQuestRiftSController.uexp" 512
"../../../Engine/Plugins/Runtime/Oculus/OculusVR/Content/Textures/touchController_albedo.ubulk" 513
"../../../Engine/Plugins/Runtime/Oculus/OculusVR/Content/Textures/touchController_albedo.uasset" 514
"../../../Engine/Plugins/Runtime/Oculus/OculusVR/Content/Textures/touchController_albedo.uexp" 515
"../../../Engine/Plugins/Runtime/Oculus/OculusVR/Content/Textures/touchController_controlmap.ubulk" 516
"../../../Engine/Plugins/Runtime/Oculus/OculusVR/Content/Textures/touchController_controlmap.uasset" 517
"../../../Engine/Plugins/Runtime/Oculus/OculusVR/Content/Textures/touchController_controlmap.uexp" 518
"../../../Engine/Plugins/Runtime/Oculus/OculusVR/Content/Materials/touchController_mat.uasset" 519
"../../../Engine/Plugins/Runtime/Oculus/OculusVR/Content/Materials/touchController_mat.uexp" 520
"../../../Engine/Plugins/Runtime/Oculus/OculusVR/Content/Meshes/RightTouchController.uasset" 521
"../../../Engine/Plugins/Runtime/Oculus/OculusVR/Content/Meshes/RightTouchController.uexp" 522
"../../../Engine/Plugins/Runtime/Oculus/OculusVR/Content/Meshes/RiftHMD.uasset" 523
"../../../Engine/Plugins/Runtime/Oculus/OculusVR/Content/Meshes/RiftHMD.uexp" 524
"../../../Engine/Plugins/Runtime/Oculus/OculusVR/Content/Meshes/LeftTouchForQuestRiftSController.uasset" 525
"../../../Engine/Plugins/Runtime/Oculus/OculusVR/Content/Meshes/LeftTouchForQuestRiftSController.uexp" 526
"../../../Engine/Plugins/Runtime/Oculus/OculusVR/Content/Meshes/LeftTouchController.uasset" 527
"../../../Engine/Plugins/Runtime/Oculus/OculusVR/Content/Meshes/LeftTouchController.uexp" 528
"../../../Engine/Content/EngineResources/Black.uasset" 529
"../../../Engine/Content/EngineResources/Black.uexp" 530
"../../../Engine/Plugins/Runtime/OpenXR/Content/Devices/M_XRController.uasset" 531
"../../../Engine/Plugins/Runtime/OpenXR/Content/Devices/M_XRController.uexp" 532
"../../../Engine/Plugins/Runtime/OpenXR/Content/Devices/HTCVive/BaseTexture.ubulk" 533
"../../../Engine/Plugins/Runtime/OpenXR/Content/Devices/HTCVive/BaseTexture.uasset" 534
"../../../Engine/Plugins/Runtime/OpenXR/Content/Devices/HTCVive/BaseTexture.uexp" 535
"../../../Engine/Plugins/Runtime/OpenXR/Content/Devices/HTCVive/MI_HTCVive.uasset" 536
"../../../Engine/Plugins/Runtime/OpenXR/Content/Devices/HTCVive/MI_HTCVive.uexp" 537
"../../../Engine/Plugins/Runtime/OpenXR/Content/Devices/HTCVive/HTCViveController.uasset" 538
"../../../Engine/Plugins/Runtime/OpenXR/Content/Devices/HTCVive/HTCViveController.uexp" 539
"../../../Engine/Plugins/Runtime/OpenXR/Content/Devices/MicrosoftMixedReality/NormalTexture.ubulk" 540
"../../../Engine/Plugins/Runtime/OpenXR/Content/Devices/MicrosoftMixedReality/NormalTexture.uasset" 541
"../../../Engine/Plugins/Runtime/OpenXR/Content/Devices/MicrosoftMixedReality/NormalTexture.uexp" 542
"../../../Engine/Plugins/Runtime/OpenXR/Content/Devices/MicrosoftMixedReality/EmissiveTexture.ubulk" 543
"../../../Engine/Plugins/Runtime/OpenXR/Content/Devices/MicrosoftMixedReality/EmissiveTexture.uasset" 544
"../../../Engine/Plugins/Runtime/OpenXR/Content/Devices/MicrosoftMixedReality/EmissiveTexture.uexp" 545
"../../../Engine/Plugins/Runtime/OpenXR/Content/Devices/MicrosoftMixedReality/BaseTexture.ubulk" 546
"../../../Engine/Plugins/Runtime/OpenXR/Content/Devices/MicrosoftMixedReality/BaseTexture.uasset" 547
"../../../Engine/Plugins/Runtime/OpenXR/Content/Devices/MicrosoftMixedReality/BaseTexture.uexp" 548
"../../../Engine/Plugins/Runtime/OpenXR/Content/Devices/MicrosoftMixedReality/MRTexture.ubulk" 549
"../../../Engine/Plugins/Runtime/OpenXR/Content/Devices/MicrosoftMixedReality/MRTexture.uasset" 550
"../../../Engine/Plugins/Runtime/OpenXR/Content/Devices/MicrosoftMixedReality/MRTexture.uexp" 551
"../../../Engine/Plugins/Runtime/OpenXR/Content/Devices/MicrosoftMixedReality/MI_MicrosoftMixedReality.uasset" 552
"../../../Engine/Plugins/Runtime/OpenXR/Content/Devices/MicrosoftMixedReality/MI_MicrosoftMixedReality.uexp" 553
"../../../Engine/Plugins/Runtime/OpenXR/Content/Devices/MicrosoftMixedReality/Left/left_MicrosoftMixedRealityController.uasset" 554
"../../../Engine/Plugins/Runtime/OpenXR/Content/Devices/MicrosoftMixedReality/Left/left_MicrosoftMixedRealityController.uexp" 555
"../../../Engine/Plugins/Runtime/OpenXR/Content/Devices/MicrosoftMixedReality/Right/right_MicrosoftMixedRealityController.uasset" 556
"../../../Engine/Plugins/Runtime/OpenXR/Content/Devices/MicrosoftMixedReality/Right/right_MicrosoftMixedRealityController.uexp" 557
"../../../Engine/Plugins/Runtime/OpenXR/Content/Devices/OculusGo/BaseTexture.ubulk" 558
"../../../Engine/Plugins/Runtime/OpenXR/Content/Devices/OculusGo/BaseTexture.uasset" 559
"../../../Engine/Plugins/Runtime/OpenXR/Content/Devices/OculusGo/BaseTexture.uexp" 560
"../../../Engine/Plugins/Runtime/OpenXR/Content/Devices/OculusGo/MI_OculusGo.uasset" 561
"../../../Engine/Plugins/Runtime/OpenXR/Content/Devices/OculusGo/MI_OculusGo.uexp" 562
"../../../Engine/Plugins/Runtime/OpenXR/Content/Devices/OculusGo/OculusGoController.uasset" 563
"../../../Engine/Plugins/Runtime/OpenXR/Content/Devices/OculusGo/OculusGoController.uexp" 564
"../../../Engine/Plugins/Runtime/OpenXR/Content/Devices/OculusTouch/BaseTexture.ubulk" 565
"../../../Engine/Plugins/Runtime/OpenXR/Content/Devices/OculusTouch/BaseTexture.uasset" 566
"../../../Engine/Plugins/Runtime/OpenXR/Content/Devices/OculusTouch/BaseTexture.uexp" 567
"../../../Engine/Plugins/Runtime/OpenXR/Content/Devices/OculusTouch/MRTexture.ubulk" 568
"../../../Engine/Plugins/Runtime/OpenXR/Content/Devices/OculusTouch/MRTexture.uasset" 569
"../../../Engine/Plugins/Runtime/OpenXR/Content/Devices/OculusTouch/MRTexture.uexp" 570
"../../../Engine/Plugins/Runtime/OpenXR/Content/Devices/OculusTouch/MI_OculusTouch.uasset" 571
"../../../Engine/Plugins/Runtime/OpenXR/Content/Devices/OculusTouch/MI_OculusTouch.uexp" 572
"../../../Engine/Plugins/Runtime/OpenXR/Content/Devices/OculusTouch/Left/left_OculusTouchController.uasset" 573
"../../../Engine/Plugins/Runtime/OpenXR/Content/Devices/OculusTouch/Left/left_OculusTouchController.uexp" 574
"../../../Engine/Plugins/Runtime/OpenXR/Content/Devices/OculusTouch/Right/right_OculusTouchController.uasset" 575
"../../../Engine/Plugins/Runtime/OpenXR/Content/Devices/OculusTouch/Right/right_OculusTouchController.uexp" 576
"../../../Engine/Plugins/Runtime/OpenXR/Content/Devices/OculusTouch_v3/MRTexture.ubulk" 577
"../../../Engine/Plugins/Runtime/OpenXR/Content/Devices/OculusTouch_v3/MRTexture.uasset" 578
"../../../Engine/Plugins/Runtime/OpenXR/Content/Devices/OculusTouch_v3/MRTexture.uexp" 579
"../../../Engine/Plugins/Runtime/OpenXR/Content/Devices/OculusTouch_v3/BaseTexture.ubulk" 580
"../../../Engine/Plugins/Runtime/OpenXR/Content/Devices/OculusTouch_v3/BaseTexture.uasset" 581
"../../../Engine/Plugins/Runtime/OpenXR/Content/Devices/OculusTouch_v3/BaseTexture.uexp" 582
"../../../Engine/Plugins/Runtime/OpenXR/Content/Devices/OculusTouch_v3/MI_OculusTouch_v3.uasset" 583
"../../../Engine/Plugins/Runtime/OpenXR/Content/Devices/OculusTouch_v3/MI_OculusTouch_v3.uexp" 584
"../../../Engine/Plugins/Runtime/OpenXR/Content/Devices/OculusTouch_v3/Left/left_OculusTouch_v3Controller.uasset" 585
"../../../Engine/Plugins/Runtime/OpenXR/Content/Devices/OculusTouch_v3/Left/left_OculusTouch_v3Controller.uexp" 586
"../../../Engine/Plugins/Runtime/OpenXR/Content/Devices/OculusTouch_v3/Right/right_OculusTouch_v3Controller.uasset" 587
"../../../Engine/Plugins/Runtime/OpenXR/Content/Devices/OculusTouch_v3/Right/right_OculusTouch_v3Controller.uexp" 588
"../../../Engine/Plugins/Runtime/OpenXR/Content/Devices/ValveIndex/MRTexture.ubulk" 589
"../../../Engine/Plugins/Runtime/OpenXR/Content/Devices/ValveIndex/MRTexture.uasset" 590
"../../../Engine/Plugins/Runtime/OpenXR/Content/Devices/ValveIndex/MRTexture.uexp" 591
"../../../Engine/Plugins/Runtime/OpenXR/Content/Devices/ValveIndex/BaseTexture.ubulk" 592
"../../../Engine/Plugins/Runtime/OpenXR/Content/Devices/ValveIndex/BaseTexture.uasset" 593
"../../../Engine/Plugins/Runtime/OpenXR/Content/Devices/ValveIndex/BaseTexture.uexp" 594
"../../../Engine/Plugins/Runtime/OpenXR/Content/Devices/ValveIndex/Left/MI_left_ValveIndex.uasset" 595
"../../../Engine/Plugins/Runtime/OpenXR/Content/Devices/ValveIndex/Left/MI_left_ValveIndex.uexp" 596
"../../../Engine/Plugins/Runtime/OpenXR/Content/Devices/ValveIndex/Left/left_ValveIndexController.uasset" 597
"../../../Engine/Plugins/Runtime/OpenXR/Content/Devices/ValveIndex/Left/left_ValveIndexController.uexp" 598
"../../../Engine/Plugins/Runtime/OpenXR/Content/Devices/ValveIndex/Right/MI_right_ValveIndex.uasset" 599
"../../../Engine/Plugins/Runtime/OpenXR/Content/Devices/ValveIndex/Right/MI_right_ValveIndex.uexp" 600
"../../../Engine/Plugins/Runtime/OpenXR/Content/Devices/ValveIndex/Right/right_ValveIndexController.uasset" 601
"../../../Engine/Plugins/Runtime/OpenXR/Content/Devices/ValveIndex/Right/right_ValveIndexController.uexp" 602
"../../../Engine/Plugins/Runtime/OpenXR/Content/Devices/OculusTouch_v2/BaseTexture.ubulk" 603
"../../../Engine/Plugins/Runtime/OpenXR/Content/Devices/OculusTouch_v2/BaseTexture.uasset" 604
"../../../Engine/Plugins/Runtime/OpenXR/Content/Devices/OculusTouch_v2/BaseTexture.uexp" 605
"../../../Engine/Plugins/Runtime/OpenXR/Content/Devices/OculusTouch_v2/MRTexture.ubulk" 606
"../../../Engine/Plugins/Runtime/OpenXR/Content/Devices/OculusTouch_v2/MRTexture.uasset" 607
"../../../Engine/Plugins/Runtime/OpenXR/Content/Devices/OculusTouch_v2/MRTexture.uexp" 608
"../../../Engine/Plugins/Runtime/OpenXR/Content/Devices/OculusTouch_v2/MI_OculusTouch_v2.uasset" 609
"../../../Engine/Plugins/Runtime/OpenXR/Content/Devices/OculusTouch_v2/MI_OculusTouch_v2.uexp" 610
"../../../Engine/Plugins/Runtime/OpenXR/Content/Devices/OculusTouch_v2/Right/right_OculusTouch_v2Controller.uasset" 611
"../../../Engine/Plugins/Runtime/OpenXR/Content/Devices/OculusTouch_v2/Right/right_OculusTouch_v2Controller.uexp" 612
"../../../Engine/Plugins/Runtime/OpenXR/Content/Devices/OculusTouch_v2/Left/left_OculusTouch_v2Controller.uasset" 613
"../../../Engine/Plugins/Runtime/OpenXR/Content/Devices/OculusTouch_v2/Left/left_OculusTouch_v2Controller.uexp" 614
"E:/Github/ExampleIK/Content/VRTemplate/Blueprints/VRInteractionBPI.uasset" 615
"E:/Github/ExampleIK/Content/VRTemplate/Blueprints/VRInteractionBPI.uexp" 616
"E:/Github/ExampleIK/Content/VRTemplate/Haptics/GrabHapticEffect.uasset" 617
"E:/Github/ExampleIK/Content/VRTemplate/Haptics/GrabHapticEffect.uexp" 618
"E:/Github/ExampleIK/Content/VRTemplate/Blueprints/GrabType.uasset" 619
"E:/Github/ExampleIK/Content/VRTemplate/Blueprints/GrabType.uexp" 620
"E:/Github/ExampleIK/Content/VRTemplate/Blueprints/GrabComponent.uasset" 621
"E:/Github/ExampleIK/Content/VRTemplate/Blueprints/GrabComponent.uexp" 622
"E:/Github/ExampleIK/Content/Enums/Enum_NetworkMode.uasset" 623
"E:/Github/ExampleIK/Content/Enums/Enum_NetworkMode.uexp" 624
"E:/Github/ExampleIK/Content/Characters/Aj/Boy01_FacialAnimMap_ncl1_2.ubulk" 625
"E:/Github/ExampleIK/Content/Characters/Aj/Boy01_FacialAnimMap_ncl1_2.uasset" 626
"E:/Github/ExampleIK/Content/Characters/Aj/Boy01_FacialAnimMap_ncl1_2.uexp" 627
"E:/Github/ExampleIK/Content/Characters/Aj/Boy01_Brows_MAT2.uasset" 628
"E:/Github/ExampleIK/Content/Characters/Aj/Boy01_Brows_MAT2.uexp" 629
"E:/Github/ExampleIK/Content/Characters/Aj/Boy01_FacialAnimMap_ncl1_1.ubulk" 630
"E:/Github/ExampleIK/Content/Characters/Aj/Boy01_FacialAnimMap_ncl1_1.uasset" 631
"E:/Github/ExampleIK/Content/Characters/Aj/Boy01_FacialAnimMap_ncl1_1.uexp" 632
"E:/Github/ExampleIK/Content/Characters/Aj/Boy01_Eyes_MAT2.uasset" 633
"E:/Github/ExampleIK/Content/Characters/Aj/Boy01_Eyes_MAT2.uexp" 634
"E:/Github/ExampleIK/Content/Characters/Aj/Boy01_diffuse.ubulk" 635
"E:/Github/ExampleIK/Content/Characters/Aj/Boy01_diffuse.uasset" 636
"E:/Github/ExampleIK/Content/Characters/Aj/Boy01_diffuse.uexp" 637
"E:/Github/ExampleIK/Content/Characters/Aj/Boy01_spec.ubulk" 638
"E:/Github/ExampleIK/Content/Characters/Aj/Boy01_spec.uasset" 639
"E:/Github/ExampleIK/Content/Characters/Aj/Boy01_spec.uexp" 640
"E:/Github/ExampleIK/Content/Characters/Aj/Boy01_normal.ubulk" 641
"E:/Github/ExampleIK/Content/Characters/Aj/Boy01_normal.uasset" 642
"E:/Github/ExampleIK/Content/Characters/Aj/Boy01_normal.uexp" 643
"E:/Github/ExampleIK/Content/Characters/Aj/Boy01_Body_MAT1.uasset" 644
"E:/Github/ExampleIK/Content/Characters/Aj/Boy01_Body_MAT1.uexp" 645
"E:/Github/ExampleIK/Content/Characters/Aj/Boy01_FacialAnimMap.ubulk" 646
"E:/Github/ExampleIK/Content/Characters/Aj/Boy01_FacialAnimMap.uasset" 647
"E:/Github/ExampleIK/Content/Characters/Aj/Boy01_FacialAnimMap.uexp" 648
"E:/Github/ExampleIK/Content/Characters/Aj/Boy01_Mouth_MAT2.uasset" 649
"E:/Github/ExampleIK/Content/Characters/Aj/Boy01_Mouth_MAT2.uexp" 650
"E:/Github/ExampleIK/Content/Characters/Aj/Aj_Skeleton.uasset" 651
"E:/Github/ExampleIK/Content/Characters/Aj/Aj_Skeleton.uexp" 652
"E:/Github/ExampleIK/Content/Characters/Aj/Aj_PhysicsAsset.uasset" 653
"E:/Github/ExampleIK/Content/Characters/Aj/Aj_PhysicsAsset.uexp" 654
"E:/Github/ExampleIK/Content/Characters/Aj/Aj.uasset" 655
"E:/Github/ExampleIK/Content/Characters/Aj/Aj.uexp" 656
"../../../Engine/Content/Animation/DefaultAnimCurveCompressionSettings.uasset" 657
"../../../Engine/Content/Animation/DefaultAnimCurveCompressionSettings.uexp" 658
"../../../Engine/Content/Animation/DefaultAnimBoneCompressionSettings.uasset" 659
"../../../Engine/Content/Animation/DefaultAnimBoneCompressionSettings.uexp" 660
"E:/Github/ExampleIK/Content/Characters/Aj/ALS_N_Walk_RFAj.uasset" 661
"E:/Github/ExampleIK/Content/Characters/Aj/ALS_N_Walk_RFAj.uexp" 662
"E:/Github/ExampleIK/Content/Characters/Aj/ALS_N_Walk_RBAj.uasset" 663
"E:/Github/ExampleIK/Content/Characters/Aj/ALS_N_Walk_RBAj.uexp" 664
"E:/Github/ExampleIK/Content/Characters/Aj/ALS_N_Walk_FAj.uasset" 665
"E:/Github/ExampleIK/Content/Characters/Aj/ALS_N_Walk_FAj.uexp" 666
"E:/Github/ExampleIK/Content/Characters/Aj/ALS_N_Run_FAj.uasset" 667
"E:/Github/ExampleIK/Content/Characters/Aj/ALS_N_Run_FAj.uexp" 668
"E:/Github/ExampleIK/Content/Characters/Aj/ALS_N_Walk_BAj.uasset" 669
"E:/Github/ExampleIK/Content/Characters/Aj/ALS_N_Walk_BAj.uexp" 670
"E:/Github/ExampleIK/Content/Characters/Aj/ALS_N_PoseAj.uasset" 671
"E:/Github/ExampleIK/Content/Characters/Aj/ALS_N_PoseAj.uexp" 672
"E:/Github/ExampleIK/Content/Characters/Aj/ALS_N_TurnIP_R180Aj.uasset" 673
"E:/Github/ExampleIK/Content/Characters/Aj/ALS_N_TurnIP_R180Aj.uexp" 674
"E:/Github/ExampleIK/Content/Characters/Aj/ALS_N_Run_BAj.uasset" 675
"E:/Github/ExampleIK/Content/Characters/Aj/ALS_N_Run_BAj.uexp" 676
"E:/Github/ExampleIK/Content/Characters/Aj/ALS_N_TurnIP_R90Aj.uasset" 677
"E:/Github/ExampleIK/Content/Characters/Aj/ALS_N_TurnIP_R90Aj.uexp" 678
"E:/Github/ExampleIK/Content/Characters/Aj/Anim_HandsOpenAj.uasset" 679
"E:/Github/ExampleIK/Content/Characters/Aj/Anim_HandsOpenAj.uexp" 680
"E:/Github/ExampleIK/Content/Characters/Aj/ALS_N_Run_RBAj.uasset" 681
"E:/Github/ExampleIK/Content/Characters/Aj/ALS_N_Run_RBAj.uexp" 682
"E:/Github/ExampleIK/Content/Characters/Aj/ALS_N_TurnIP_L180Aj.uasset" 683
"E:/Github/ExampleIK/Content/Characters/Aj/ALS_N_TurnIP_L180Aj.uexp" 684
"E:/Github/ExampleIK/Content/Characters/Aj/ALS_N_Walk_LFAj.uasset" 685
"E:/Github/ExampleIK/Content/Characters/Aj/ALS_N_Walk_LFAj.uexp" 686
"E:/Github/ExampleIK/Content/Characters/Aj/ALS_N_Run_RFAj.uasset" 687
"E:/Github/ExampleIK/Content/Characters/Aj/ALS_N_Run_RFAj.uexp" 688
"E:/Github/ExampleIK/Content/Characters/Aj/ALS_N_Run_LBAj.uasset" 689
"E:/Github/ExampleIK/Content/Characters/Aj/ALS_N_Run_LBAj.uexp" 690
"E:/Github/ExampleIK/Content/Characters/Aj/ALS_N_Run_LFAj.uasset" 691
"E:/Github/ExampleIK/Content/Characters/Aj/ALS_N_Run_LFAj.uexp" 692
"E:/Github/ExampleIK/Content/Characters/Aj/ALS_N_Walk_LBAj.uasset" 693
"E:/Github/ExampleIK/Content/Characters/Aj/ALS_N_Walk_LBAj.uexp" 694
"E:/Github/ExampleIK/Content/Characters/Aj/ALS_N_TurnIP_L90Aj.uasset" 695
"E:/Github/ExampleIK/Content/Characters/Aj/ALS_N_TurnIP_L90Aj.uexp" 696
"E:/Github/ExampleIK/Content/Characters/Aj/BS_VRPlayerWalkAj.uasset" 697
"E:/Github/ExampleIK/Content/Characters/Aj/BS_VRPlayerWalkAj.uexp" 698
"../../../Engine/Content/EditorBlueprintResources/StandardMacros.uasset" 699
"../../../Engine/Content/EditorBlueprintResources/StandardMacros.uexp" 700
"E:/Github/ExampleIK/Content/Characters/Aj/ABP_VRPlayerAj.uasset" 701
"E:/Github/ExampleIK/Content/Characters/Aj/ABP_VRPlayerAj.uexp" 702
"E:/Github/ExampleIK/Content/Structs/Struct_Player.uasset" 703
"E:/Github/ExampleIK/Content/Structs/Struct_Player.uexp" 704
"E:/Github/ExampleIK/Content/Enums/Enum_Channel.uasset" 705
"E:/Github/ExampleIK/Content/Enums/Enum_Channel.uexp" 706
"E:/Github/ExampleIK/Content/Enums/Enum_SendTo.uasset" 707
"E:/Github/ExampleIK/Content/Enums/Enum_SendTo.uexp" 708
"E:/Github/ExampleIK/Content/Enums/Enum_UserType.uasset" 709
"E:/Github/ExampleIK/Content/Enums/Enum_UserType.uexp" 710
"E:/Github/ExampleIK/Content/Structs/Struct_BreakoutRoomClient.uasset" 711
"E:/Github/ExampleIK/Content/Structs/Struct_BreakoutRoomClient.uexp" 712
"E:/Github/ExampleIK/Content/Structs/Struct_BreakoutRoom.uasset" 713
"E:/Github/ExampleIK/Content/Structs/Struct_BreakoutRoom.uexp" 714
"E:/Github/ExampleIK/Content/Enums/Enum_Avatar.uasset" 715
"E:/Github/ExampleIK/Content/Enums/Enum_Avatar.uexp" 716
"E:/Github/ExampleIK/Content/BlueprintGI.uasset" 717
"E:/Github/ExampleIK/Content/BlueprintGI.uexp" 718
"../../../Engine/Content/BasicShapes/Sphere.uasset" 719
"../../../Engine/Content/BasicShapes/Sphere.uexp" 720
"E:/Github/ExampleIK/Content/Migrated/ENiagara_SpriteRotationMode.uasset" 721
"E:/Github/ExampleIK/Content/Migrated/ENiagara_SpriteRotationMode.uexp" 722
"E:/Github/ExampleIK/Content/Migrated/DefaultRibbonMaterial_NoGradient.uasset" 723
"E:/Github/ExampleIK/Content/Migrated/DefaultRibbonMaterial_NoGradient.uexp" 724
"E:/Github/ExampleIK/Content/Migrated/ENiagara_EmitterStateOptions.uasset" 725
"E:/Github/ExampleIK/Content/Migrated/ENiagara_EmitterStateOptions.uexp" 726
"E:/Github/ExampleIK/Content/Migrated/BeamWidth.uasset" 727
"E:/Github/ExampleIK/Content/Migrated/BeamWidth.uexp" 728
"E:/Github/ExampleIK/Content/Migrated/ENiagara_InfiniteLoopDuration.uasset" 729
"E:/Github/ExampleIK/Content/Migrated/ENiagara_InfiniteLoopDuration.uexp" 730
"E:/Github/ExampleIK/Content/Migrated/ENiagaraInactiveMode.uasset" 731
"E:/Github/ExampleIK/Content/Migrated/ENiagaraInactiveMode.uexp" 732
"E:/Github/ExampleIK/Content/Migrated/ENiagara_UnsetDirectSet.uasset" 733
"E:/Github/ExampleIK/Content/Migrated/ENiagara_UnsetDirectSet.uexp" 734
"E:/Github/ExampleIK/Content/Migrated/ENiagara_SizeScaleMode.uasset" 735
"E:/Github/ExampleIK/Content/Migrated/ENiagara_SizeScaleMode.uexp" 736
"E:/Github/ExampleIK/Content/Migrated/ENiagaraSystemInactiveMode.uasset" 737
"E:/Github/ExampleIK/Content/Migrated/ENiagaraSystemInactiveMode.uexp" 738
"E:/Github/ExampleIK/Content/Migrated/ENiagaraChannelCorrelation.uasset" 739
"E:/Github/ExampleIK/Content/Migrated/ENiagaraChannelCorrelation.uexp" 740
"E:/Github/ExampleIK/Content/Migrated/ENiagara_UVFlippingMode.uasset" 741
"E:/Github/ExampleIK/Content/Migrated/ENiagara_UVFlippingMode.uexp" 742
"E:/Github/ExampleIK/Content/Migrated/ENiagaraRandomnessEvaluation.uasset" 743
"E:/Github/ExampleIK/Content/Migrated/ENiagaraRandomnessEvaluation.uexp" 744
"../../../Engine/Plugins/FX/Niagara/Content/Enums/ENiagaraRandomnessMode.uasset" 745
"../../../Engine/Plugins/FX/Niagara/Content/Enums/ENiagaraRandomnessMode.uexp" 746
"../../../Engine/Plugins/FX/Niagara/Content/Enums/ENiagaraRandomnessEvaluation.uasset" 747
"../../../Engine/Plugins/FX/Niagara/Content/Enums/ENiagaraRandomnessEvaluation.uexp" 748
"E:/Github/ExampleIK/Content/Migrated/ENiagaraRandomnessMode.uasset" 749
"E:/Github/ExampleIK/Content/Migrated/ENiagaraRandomnessMode.uexp" 750
"E:/Github/ExampleIK/Content/Migrated/CalculateRandomRangeFloat.uasset" 751
"E:/Github/ExampleIK/Content/Migrated/CalculateRandomRangeFloat.uexp" 752
"E:/Github/ExampleIK/Content/Migrated/SpawnBurst_Instantaneous.uasset" 753
"E:/Github/ExampleIK/Content/Migrated/SpawnBurst_Instantaneous.uexp" 754
"E:/Github/ExampleIK/Content/Migrated/HueShiftLinearColor.uasset" 755
"E:/Github/ExampleIK/Content/Migrated/HueShiftLinearColor.uexp" 756
"../../../Engine/Plugins/FX/Niagara/Content/Enums/ENiagara_MassInitializationMode.uasset" 757
"../../../Engine/Plugins/FX/Niagara/Content/Enums/ENiagara_MassInitializationMode.uexp" 758
"../../../Engine/Plugins/FX/Niagara/Content/Enums/ENiagara_PositionInitializationMode.uasset" 759
"../../../Engine/Plugins/FX/Niagara/Content/Enums/ENiagara_PositionInitializationMode.uexp" 760
"../../../Engine/Plugins/FX/Niagara/Content/Enums/ENiagara_SizeScaleMode.uasset" 761
"../../../Engine/Plugins/FX/Niagara/Content/Enums/ENiagara_SizeScaleMode.uexp" 762
"../../../Engine/Plugins/FX/Niagara/Content/Enums/ENiagara_UVFlippingMode.uasset" 763
"../../../Engine/Plugins/FX/Niagara/Content/Enums/ENiagara_UVFlippingMode.uexp" 764
"../../../Engine/Plugins/FX/Niagara/Content/Enums/Ribbons/ENiagara_UnsetDirectSetRandom.uasset" 765
"../../../Engine/Plugins/FX/Niagara/Content/Enums/Ribbons/ENiagara_UnsetDirectSetRandom.uexp" 766
"E:/Github/ExampleIK/Content/Migrated/CalculateRandomRangeInteger.uasset" 767
"E:/Github/ExampleIK/Content/Migrated/CalculateRandomRangeInteger.uexp" 768
"E:/Github/ExampleIK/Content/Migrated/CalculateRandomBool.uasset" 769
"E:/Github/ExampleIK/Content/Migrated/CalculateRandomBool.uexp" 770
"../../../Engine/Plugins/FX/Niagara/Content/Enums/ENiagara_LifetimeMode.uasset" 771
"../../../Engine/Plugins/FX/Niagara/Content/Enums/ENiagara_LifetimeMode.uexp" 772
"E:/Github/ExampleIK/Content/Migrated/ENiagara_LifetimeMode.uasset" 773
"E:/Github/ExampleIK/Content/Migrated/ENiagara_LifetimeMode.uexp" 774
"E:/Github/ExampleIK/Content/Migrated/CalculateRandomRange.uasset" 775
"E:/Github/ExampleIK/Content/Migrated/CalculateRandomRange.uexp" 776
"E:/Github/ExampleIK/Content/Migrated/ENiagara_PositionInitializationMode.uasset" 777
"E:/Github/ExampleIK/Content/Migrated/ENiagara_PositionInitializationMode.uexp" 778
"E:/Github/ExampleIK/Content/Migrated/ENiagara_MassInitializationMode.uasset" 779
"E:/Github/ExampleIK/Content/Migrated/ENiagara_MassInitializationMode.uexp" 780
"E:/Github/ExampleIK/Content/Migrated/TransformBase.uasset" 781
"E:/Github/ExampleIK/Content/Migrated/TransformBase.uexp" 782
"E:/Github/ExampleIK/Content/Migrated/TransformVector.uasset" 783
"E:/Github/ExampleIK/Content/Migrated/TransformVector.uexp" 784
"../../../Engine/Plugins/FX/Niagara/Content/Enums/Ribbons/ENiagara_UnsetDirectSet.uasset" 785
"../../../Engine/Plugins/FX/Niagara/Content/Enums/Ribbons/ENiagara_UnsetDirectSet.uexp" 786
"../../../Engine/Plugins/FX/Niagara/Content/Enums/ENiagara_SpriteRotationMode.uasset" 787
"../../../Engine/Plugins/FX/Niagara/Content/Enums/ENiagara_SpriteRotationMode.uexp" 788
"E:/Github/ExampleIK/Content/Migrated/ENiagara_ColorInitializationMode.uasset" 789
"E:/Github/ExampleIK/Content/Migrated/ENiagara_ColorInitializationMode.uexp" 790
"E:/Github/ExampleIK/Content/Migrated/SimulationPosition.uasset" 791
"E:/Github/ExampleIK/Content/Migrated/SimulationPosition.uexp" 792
"../../../Engine/Plugins/FX/Niagara/Content/Enums/ENiagara_ColorInitializationMode.uasset" 793
"../../../Engine/Plugins/FX/Niagara/Content/Enums/ENiagara_ColorInitializationMode.uexp" 794
"E:/Github/ExampleIK/Content/Migrated/ENiagara_UnsetDirectSetRandom.uasset" 795
"E:/Github/ExampleIK/Content/Migrated/ENiagara_UnsetDirectSetRandom.uexp" 796
"../../../Engine/Plugins/FX/Niagara/Content/Enums/ENiagaraChannelCorrelation.uasset" 797
"../../../Engine/Plugins/FX/Niagara/Content/Enums/ENiagaraChannelCorrelation.uexp" 798
"E:/Github/ExampleIK/Content/Migrated/InitializeParticle.uasset" 799
"E:/Github/ExampleIK/Content/Migrated/InitializeParticle.uexp" 800
"E:/Github/ExampleIK/Content/Migrated/ENiagaraEmitterLifeCycleMode.uasset" 801
"E:/Github/ExampleIK/Content/Migrated/ENiagaraEmitterLifeCycleMode.uexp" 802
"E:/Github/ExampleIK/Content/Migrated/DirectionAndLengthSafe.uasset" 803
"E:/Github/ExampleIK/Content/Migrated/DirectionAndLengthSafe.uexp" 804
"E:/Github/ExampleIK/Content/Migrated/TransformPosition.uasset" 805
"E:/Github/ExampleIK/Content/Migrated/TransformPosition.uexp" 806
"E:/Github/ExampleIK/Content/Migrated/SimulationPosition_2.uasset" 807
"E:/Github/ExampleIK/Content/Migrated/SimulationPosition_2.uexp" 808
"E:/Github/ExampleIK/Content/Migrated/Multiply_VectorByFloat.uasset" 809
"E:/Github/ExampleIK/Content/Migrated/Multiply_VectorByFloat.uexp" 810
"E:/Github/ExampleIK/Content/Migrated/BeamEmitterSetup.uasset" 811
"E:/Github/ExampleIK/Content/Migrated/BeamEmitterSetup.uexp" 812
"E:/Github/ExampleIK/Content/Migrated/NormalizedExecutionIndex.uasset" 813
"E:/Github/ExampleIK/Content/Migrated/NormalizedExecutionIndex.uexp" 814
"E:/Github/ExampleIK/Content/Migrated/FindPositionOnBezierSpline.uasset" 815
"E:/Github/ExampleIK/Content/Migrated/FindPositionOnBezierSpline.uexp" 816
"E:/Github/ExampleIK/Content/Migrated/SpawnBeam.uasset" 817
"E:/Github/ExampleIK/Content/Migrated/SpawnBeam.uexp" 818
"E:/Github/ExampleIK/Content/Migrated/ENiagaraExecutionStateManagement.uasset" 819
"E:/Github/ExampleIK/Content/Migrated/ENiagaraExecutionStateManagement.uexp" 820
"../../../Engine/Plugins/FX/Niagara/Content/Enums/ENiagaraEmitterLifeCycleMode.uasset" 821
"../../../Engine/Plugins/FX/Niagara/Content/Enums/ENiagaraEmitterLifeCycleMode.uexp" 822
"../../../Engine/Plugins/FX/Niagara/Content/Enums/ENiagara_InfiniteLoopDuration.uasset" 823
"../../../Engine/Plugins/FX/Niagara/Content/Enums/ENiagara_InfiniteLoopDuration.uexp" 824
"../../../Engine/Plugins/FX/Niagara/Content/Enums/ENiagara_EmitterStateOptions.uasset" 825
"../../../Engine/Plugins/FX/Niagara/Content/Enums/ENiagara_EmitterStateOptions.uexp" 826
"../../../Engine/Plugins/FX/Niagara/Content/Enums/ENiagaraInactiveMode.uasset" 827
"../../../Engine/Plugins/FX/Niagara/Content/Enums/ENiagaraInactiveMode.uexp" 828
"../../../Engine/Plugins/FX/Niagara/Content/Enums/ENiagaraExecutionStateManagement.uasset" 829
"../../../Engine/Plugins/FX/Niagara/Content/Enums/ENiagaraExecutionStateManagement.uexp" 830
"E:/Github/ExampleIK/Content/Migrated/EmitterChangeState.uasset" 831
"E:/Github/ExampleIK/Content/Migrated/EmitterChangeState.uexp" 832
"../../../Engine/Plugins/FX/Niagara/Content/Enums/ENiagaraEmitterScalabilityMode_Limited.uasset" 833
"../../../Engine/Plugins/FX/Niagara/Content/Enums/ENiagaraEmitterScalabilityMode_Limited.uexp" 834
"E:/Github/ExampleIK/Content/Migrated/ENiagaraEmitterScalabilityMode_Limited.uasset" 835
"E:/Github/ExampleIK/Content/Migrated/ENiagaraEmitterScalabilityMode_Limited.uexp" 836
"E:/Github/ExampleIK/Content/Migrated/EmitterState.uasset" 837
"E:/Github/ExampleIK/Content/Migrated/EmitterState.uexp" 838
"E:/Github/ExampleIK/Content/Migrated/T_Icon_Particle_InfiniteLife.uasset" 839
"E:/Github/ExampleIK/Content/Migrated/T_Icon_Particle_InfiniteLife.uexp" 840
"E:/Github/ExampleIK/Content/Migrated/SaturateFloat.uasset" 841
"E:/Github/ExampleIK/Content/Migrated/SaturateFloat.uexp" 842
"E:/Github/ExampleIK/Content/Migrated/ParticleState.uasset" 843
"E:/Github/ExampleIK/Content/Migrated/ParticleState.uexp" 844
"E:/Github/ExampleIK/Content/Migrated/SystemChangeState.uasset" 845
"E:/Github/ExampleIK/Content/Migrated/SystemChangeState.uexp" 846
"../../../Engine/Plugins/FX/Niagara/Content/Enums/ENiagaraSystemInactiveMode.uasset" 847
"../../../Engine/Plugins/FX/Niagara/Content/Enums/ENiagaraSystemInactiveMode.uexp" 848
"E:/Github/ExampleIK/Content/Migrated/SystemState.uasset" 849
"E:/Github/ExampleIK/Content/Migrated/SystemState.uexp" 850
"E:/Github/ExampleIK/Content/Migrated/NS_MenuLaser.uasset" 851
"E:/Github/ExampleIK/Content/Migrated/NS_MenuLaser.uexp" 852
"E:/Github/ExampleIK/Content/Migrated/WidgetMenu.uasset" 853
"E:/Github/ExampleIK/Content/Migrated/WidgetMenu.uexp" 854
"E:/Github/ExampleIK/Content/Migrated/Menu.uasset" 855
"E:/Github/ExampleIK/Content/Migrated/Menu.uexp" 856
"E:/Github/ExampleIK/Content/BP_PlayerState.uasset" 857
"E:/Github/ExampleIK/Content/BP_PlayerState.uexp" 858
"E:/Github/ExampleIK/Content/WidgetJoinBreakout.uasset" 859
"E:/Github/ExampleIK/Content/WidgetJoinBreakout.uexp" 860
"E:/Github/ExampleIK/Content/WidgeNetworkSelection.uasset" 861
"E:/Github/ExampleIK/Content/WidgeNetworkSelection.uexp" 862
"E:/Github/ExampleIK/Content/MenuNetworkSelection.uasset" 863
"E:/Github/ExampleIK/Content/MenuNetworkSelection.uexp" 864
"E:/Github/ExampleIK/Content/Blueprints/BP_VRPlayer.uasset" 865
"E:/Github/ExampleIK/Content/Blueprints/BP_VRPlayer.uexp" 866
"E:/Github/ExampleIK/Content/GM.uasset" 867
"E:/Github/ExampleIK/Content/GM.uexp" 868
"E:/Github/ExampleIK/Content/Migrated/NPC_VRTemplate.uasset" 869
"E:/Github/ExampleIK/Content/Migrated/NPC_VRTemplate.uexp" 870
"../../../Engine/Content/Maps/Entry_BuiltData.uasset" 871
"../../../Engine/Content/Maps/Entry_BuiltData.uexp" 872
"../../../Engine/Content/Maps/Entry.uexp" 873
"../../../Engine/Content/Maps/Entry.umap" 874
"E:/Github/ExampleIK/Content/Levels/DemoLevel_BuiltData.ubulk" 875
"E:/Github/ExampleIK/Content/Levels/DemoLevel_BuiltData.uasset" 876
"E:/Github/ExampleIK/Content/Levels/DemoLevel_BuiltData.uexp" 877
"E:/Github/ExampleIK/Content/Materials/T_Mirror.uasset" 878
"E:/Github/ExampleIK/Content/Materials/T_Mirror.uexp" 879
"E:/Github/ExampleIK/Content/Materials/M_Mirror.uasset" 880
"E:/Github/ExampleIK/Content/Materials/M_Mirror.uexp" 881
"../../../Engine/Content/EngineSky/C_Sky_Horizon_Color.uasset" 882
"../../../Engine/Content/EngineSky/C_Sky_Horizon_Color.uexp" 883
"../../../Engine/Content/EngineSky/T_Sky_Stars.ubulk" 884
"../../../Engine/Content/EngineSky/T_Sky_Stars.uasset" 885
"../../../Engine/Content/EngineSky/T_Sky_Stars.uexp" 886
"../../../Engine/Content/EngineSky/T_Sky_Clouds_M.ubulk" 887
"../../../Engine/Content/EngineSky/T_Sky_Clouds_M.uasset" 888
"../../../Engine/Content/EngineSky/T_Sky_Clouds_M.uexp" 889
"../../../Engine/Content/EngineSky/T_Sky_Blue.ubulk" 890
"../../../Engine/Content/EngineSky/T_Sky_Blue.uasset" 891
"../../../Engine/Content/EngineSky/T_Sky_Blue.uexp" 892
"../../../Engine/Content/EngineSky/M_Sky_Panning_Clouds2.uasset" 893
"../../../Engine/Content/EngineSky/M_Sky_Panning_Clouds2.uexp" 894
"../../../Engine/Content/EngineSky/SM_SkySphere.uasset" 895
"../../../Engine/Content/EngineSky/SM_SkySphere.uexp" 896
"../../../Engine/Content/EngineSky/C_Sky_Cloud_Color.uasset" 897
"../../../Engine/Content/EngineSky/C_Sky_Cloud_Color.uexp" 898
"../../../Engine/Content/EngineSky/C_Sky_Zenith_Color.uasset" 899
"../../../Engine/Content/EngineSky/C_Sky_Zenith_Color.uexp" 900
"../../../Engine/Content/EngineSky/BP_Sky_Sphere.uasset" 901
"../../../Engine/Content/EngineSky/BP_Sky_Sphere.uexp" 902
"../../../Engine/Content/BasicShapes/Cube.uasset" 903
"../../../Engine/Content/BasicShapes/Cube.uexp" 904
"E:/Github/ExampleIK/Content/Respawn/BP_RespawnLocation.uasset" 905
"E:/Github/ExampleIK/Content/Respawn/BP_RespawnLocation.uexp" 906
"E:/Github/ExampleIK/Content/Characters/Mannequins/Meshes/SK_Mannequin.uasset" 907
"E:/Github/ExampleIK/Content/Characters/Mannequins/Meshes/SK_Mannequin.uexp" 908
"E:/Github/ExampleIK/Content/Characters/Mannequins/Textures/Quinn/T_Quinn_02ID_MSR_MSK.ubulk" 909
"E:/Github/ExampleIK/Content/Characters/Mannequins/Textures/Quinn/T_Quinn_02ID_MSR_MSK.uasset" 910
"E:/Github/ExampleIK/Content/Characters/Mannequins/Textures/Quinn/T_Quinn_02ID_MSR_MSK.uexp" 911
"E:/Github/ExampleIK/Content/Characters/Mannequins/Textures/Quinn/T_Quinn_02ID_BN.ubulk" 912
"E:/Github/ExampleIK/Content/Characters/Mannequins/Textures/Quinn/T_Quinn_02ID_BN.uasset" 913
"E:/Github/ExampleIK/Content/Characters/Mannequins/Textures/Quinn/T_Quinn_02ID_BN.uexp" 914
"E:/Github/ExampleIK/Content/Characters/Mannequins/Textures/Quinn/T_Quinn_02_ASAOMASK_MSK.ubulk" 915
"E:/Github/ExampleIK/Content/Characters/Mannequins/Textures/Quinn/T_Quinn_02_ASAOMASK_MSK.uasset" 916
"E:/Github/ExampleIK/Content/Characters/Mannequins/Textures/Quinn/T_Quinn_02_ASAOMASK_MSK.uexp" 917
"E:/Github/ExampleIK/Content/Characters/Mannequins/Textures/Quinn/T_Quinn_02_CCRCCPlastic_MSK.ubulk" 918
"E:/Github/ExampleIK/Content/Characters/Mannequins/Textures/Quinn/T_Quinn_02_CCRCCPlastic_MSK.uasset" 919
"E:/Github/ExampleIK/Content/Characters/Mannequins/Textures/Quinn/T_Quinn_02_CCRCCPlastic_MSK.uexp" 920
"E:/Github/ExampleIK/Content/Characters/Mannequins/Textures/Quinn/T_Quinn_02ID_Tan.ubulk" 921
"E:/Github/ExampleIK/Content/Characters/Mannequins/Textures/Quinn/T_Quinn_02ID_Tan.uasset" 922
"E:/Github/ExampleIK/Content/Characters/Mannequins/Textures/Quinn/T_Quinn_02ID_Tan.uexp" 923
"E:/Github/ExampleIK/Content/Characters/Mannequins/Textures/Quinn/T_Quinn_02ID_D.ubulk" 924
"E:/Github/ExampleIK/Content/Characters/Mannequins/Textures/Quinn/T_Quinn_02ID_D.uasset" 925
"E:/Github/ExampleIK/Content/Characters/Mannequins/Textures/Quinn/T_Quinn_02ID_D.uexp" 926
"E:/Github/ExampleIK/Content/Characters/Mannequins/Textures/Quinn/T_Quinn_01ID_MSR_MSK.ubulk" 927
"E:/Github/ExampleIK/Content/Characters/Mannequins/Textures/Quinn/T_Quinn_01ID_MSR_MSK.uasset" 928
"E:/Github/ExampleIK/Content/Characters/Mannequins/Textures/Quinn/T_Quinn_01ID_MSR_MSK.uexp" 929
"E:/Github/ExampleIK/Content/Characters/Mannequins/Materials/Functions/ChromaticCurve.uasset" 930
"E:/Github/ExampleIK/Content/Characters/Mannequins/Materials/Functions/ChromaticCurve.uexp" 931
"E:/Github/ExampleIK/Content/Characters/Mannequins/Materials/Functions/CA_Mannequin.uasset" 932
"E:/Github/ExampleIK/Content/Characters/Mannequins/Materials/Functions/CA_Mannequin.uexp" 933
"E:/Github/ExampleIK/Content/Characters/Mannequins/Materials/Functions/MF_Diffraction.uasset" 934
"E:/Github/ExampleIK/Content/Characters/Mannequins/Materials/Functions/MF_Diffraction.uexp" 935
"E:/Github/ExampleIK/Content/Characters/Mannequins/Textures/Manny/T_Manny_01_N.ubulk" 936
"E:/Github/ExampleIK/Content/Characters/Mannequins/Textures/Manny/T_Manny_01_N.uasset" 937
"E:/Github/ExampleIK/Content/Characters/Mannequins/Textures/Manny/T_Manny_01_N.uexp" 938
"E:/Github/ExampleIK/Content/Characters/Mannequins/Materials/Functions/ML_BaseColorFallOff.uasset" 939
"E:/Github/ExampleIK/Content/Characters/Mannequins/Materials/Functions/ML_BaseColorFallOff.uexp" 940
"../../../Engine/Content/Functions/Engine_MaterialFunctions01/Texturing/ScaleUVsByCenter.uasset" 941
"../../../Engine/Content/Functions/Engine_MaterialFunctions01/Texturing/ScaleUVsByCenter.uexp" 942
"E:/Github/ExampleIK/Content/Characters/Mannequins/Textures/Shared/T_UE_Logo_M.uasset" 943
"E:/Github/ExampleIK/Content/Characters/Mannequins/Textures/Shared/T_UE_Logo_M.uexp" 944
"E:/Github/ExampleIK/Content/Characters/Mannequins/Materials/Functions/MF_logo3layers.uasset" 945
"E:/Github/ExampleIK/Content/Characters/Mannequins/Materials/Functions/MF_logo3layers.uexp" 946
"E:/Github/ExampleIK/Content/Characters/Mannequins/Textures/Manny/T_Manny_01_CCRCCPlastic_MSK.ubulk" 947
"E:/Github/ExampleIK/Content/Characters/Mannequins/Textures/Manny/T_Manny_01_CCRCCPlastic_MSK.uasset" 948
"E:/Github/ExampleIK/Content/Characters/Mannequins/Textures/Manny/T_Manny_01_CCRCCPlastic_MSK.uexp" 949
"E:/Github/ExampleIK/Content/Characters/Mannequins/Textures/Manny/T_Manny_01_ASAOPMASK_MSK.ubulk" 950
"E:/Github/ExampleIK/Content/Characters/Mannequins/Textures/Manny/T_Manny_01_ASAOPMASK_MSK.uasset" 951
"E:/Github/ExampleIK/Content/Characters/Mannequins/Textures/Manny/T_Manny_01_ASAOPMASK_MSK.uexp" 952
"E:/Github/ExampleIK/Content/Characters/Mannequins/Textures/Manny/T_Manny_01_MSR_MSK.ubulk" 953
"E:/Github/ExampleIK/Content/Characters/Mannequins/Textures/Manny/T_Manny_01_MSR_MSK.uasset" 954
"E:/Github/ExampleIK/Content/Characters/Mannequins/Textures/Manny/T_Manny_01_MSR_MSK.uexp" 955
"E:/Github/ExampleIK/Content/Characters/Mannequins/Textures/Manny/T_Manny_01_BN.ubulk" 956
"E:/Github/ExampleIK/Content/Characters/Mannequins/Textures/Manny/T_Manny_01_BN.uasset" 957
"E:/Github/ExampleIK/Content/Characters/Mannequins/Textures/Manny/T_Manny_01_BN.uexp" 958
"E:/Github/ExampleIK/Content/Characters/Mannequins/Textures/Manny/T_Manny_01_D.ubulk" 959
"E:/Github/ExampleIK/Content/Characters/Mannequins/Textures/Manny/T_Manny_01_D.uasset" 960
"E:/Github/ExampleIK/Content/Characters/Mannequins/Textures/Manny/T_Manny_01_D.uexp" 961
"E:/Github/ExampleIK/Content/Characters/Mannequins/Textures/Manny/T_Manny_01_Tan.ubulk" 962
"E:/Github/ExampleIK/Content/Characters/Mannequins/Textures/Manny/T_Manny_01_Tan.uasset" 963
"E:/Github/ExampleIK/Content/Characters/Mannequins/Textures/Manny/T_Manny_01_Tan.uexp" 964
"E:/Github/ExampleIK/Content/Characters/Mannequins/Materials/M_Mannequin.uasset" 965
"E:/Github/ExampleIK/Content/Characters/Mannequins/Materials/M_Mannequin.uexp" 966
"E:/Github/ExampleIK/Content/Characters/Mannequins/Textures/Quinn/T_Quinn_01_ASAOMASK_MSK.ubulk" 967
"E:/Github/ExampleIK/Content/Characters/Mannequins/Textures/Quinn/T_Quinn_01_ASAOMASK_MSK.uasset" 968
"E:/Github/ExampleIK/Content/Characters/Mannequins/Textures/Quinn/T_Quinn_01_ASAOMASK_MSK.uexp" 969
"E:/Github/ExampleIK/Content/Characters/Mannequins/Textures/Quinn/T_Quinn_01ID_N.ubulk" 970
"E:/Github/ExampleIK/Content/Characters/Mannequins/Textures/Quinn/T_Quinn_01ID_N.uasset" 971
"E:/Github/ExampleIK/Content/Characters/Mannequins/Textures/Quinn/T_Quinn_01ID_N.uexp" 972
"E:/Github/ExampleIK/Content/Characters/Mannequins/Textures/Quinn/T_Quinn_01ID_BN.ubulk" 973
"E:/Github/ExampleIK/Content/Characters/Mannequins/Textures/Quinn/T_Quinn_01ID_BN.uasset" 974
"E:/Github/ExampleIK/Content/Characters/Mannequins/Textures/Quinn/T_Quinn_01ID_BN.uexp" 975
"E:/Github/ExampleIK/Content/Characters/Mannequins/Textures/Quinn/T_Quinn_01ID_D.ubulk" 976
"E:/Github/ExampleIK/Content/Characters/Mannequins/Textures/Quinn/T_Quinn_01ID_D.uasset" 977
"E:/Github/ExampleIK/Content/Characters/Mannequins/Textures/Quinn/T_Quinn_01ID_D.uexp" 978
"E:/Github/ExampleIK/Content/Characters/Mannequins/Textures/Quinn/T_Quinn_01ID_Tan.ubulk" 979
"E:/Github/ExampleIK/Content/Characters/Mannequins/Textures/Quinn/T_Quinn_01ID_Tan.uasset" 980
"E:/Github/ExampleIK/Content/Characters/Mannequins/Textures/Quinn/T_Quinn_01ID_Tan.uexp" 981
"E:/Github/ExampleIK/Content/Characters/Mannequins/Textures/Quinn/T_Quinn_01_CCRCCPlastic_MSK.ubulk" 982
"E:/Github/ExampleIK/Content/Characters/Mannequins/Textures/Quinn/T_Quinn_01_CCRCCPlastic_MSK.uasset" 983
"E:/Github/ExampleIK/Content/Characters/Mannequins/Textures/Quinn/T_Quinn_01_CCRCCPlastic_MSK.uexp" 984
"E:/Github/ExampleIK/Content/Characters/Mannequins/Materials/Instances/Quinn/MI_Quinn_01.uasset" 985
"E:/Github/ExampleIK/Content/Characters/Mannequins/Materials/Instances/Quinn/MI_Quinn_01.uexp" 986
"E:/Github/ExampleIK/Content/Characters/Mannequins/Textures/Quinn/T_Quinn_02ID_N.ubulk" 987
"E:/Github/ExampleIK/Content/Characters/Mannequins/Textures/Quinn/T_Quinn_02ID_N.uasset" 988
"E:/Github/ExampleIK/Content/Characters/Mannequins/Textures/Quinn/T_Quinn_02ID_N.uexp" 989
"E:/Github/ExampleIK/Content/Characters/Mannequins/Materials/Instances/Quinn/MI_Quinn_02.uasset" 990
"E:/Github/ExampleIK/Content/Characters/Mannequins/Materials/Instances/Quinn/MI_Quinn_02.uexp" 991
"E:/Github/ExampleIK/Content/Characters/Mannequins/Rigs/PA_Mannequin.uasset" 992
"E:/Github/ExampleIK/Content/Characters/Mannequins/Rigs/PA_Mannequin.uexp" 993
"E:/Github/ExampleIK/Content/Characters/Mannequins/Meshes/SKM_Quinn_Simple.uasset" 994
"E:/Github/ExampleIK/Content/Characters/Mannequins/Meshes/SKM_Quinn_Simple.uexp" 995
"E:/Github/ExampleIK/Content/Characters/Mannequins/Animations/Quinn/MF_Run_Fwd.uasset" 996
"E:/Github/ExampleIK/Content/Characters/Mannequins/Animations/Quinn/MF_Run_Fwd.uexp" 997
"E:/Github/ExampleIK/Content/Characters/Mannequins/Animations/Quinn/MF_Walk_Fwd.uasset" 998
"E:/Github/ExampleIK/Content/Characters/Mannequins/Animations/Quinn/MF_Walk_Fwd.uexp" 999
"../../../Engine/Content/Animation/DefaultRecorderBoneCompression.uasset" 1000
"../../../Engine/Content/Animation/DefaultRecorderBoneCompression.uexp" 1001
"E:/Github/ExampleIK/Content/Characters/Mannequins/Animations/Manny/MM_Walk_InPlace.uasset" 1002
"E:/Github/ExampleIK/Content/Characters/Mannequins/Animations/Manny/MM_Walk_InPlace.uexp" 1003
"E:/Github/ExampleIK/Content/Characters/Mannequins/Animations/Quinn/BS_MF_Unarmed_WalkRun.uasset" 1004
"E:/Github/ExampleIK/Content/Characters/Mannequins/Animations/Quinn/BS_MF_Unarmed_WalkRun.uexp" 1005
"E:/Github/ExampleIK/Content/Characters/Mannequins/Animations/Quinn/MF_Idle.uasset" 1006
"E:/Github/ExampleIK/Content/Characters/Mannequins/Animations/Quinn/MF_Idle.uexp" 1007
"E:/Github/ExampleIK/Content/Characters/Mannequins/Animations/Manny/MM_Fall_Loop.uasset" 1008
"E:/Github/ExampleIK/Content/Characters/Mannequins/Animations/Manny/MM_Fall_Loop.uexp" 1009
"E:/Github/ExampleIK/Content/Characters/Mannequins/Animations/Manny/MM_Jump.uasset" 1010
"E:/Github/ExampleIK/Content/Characters/Mannequins/Animations/Manny/MM_Jump.uexp" 1011
"../../../Engine/Plugins/Animation/ControlRig/Content/Controls/DefaultGizmoLibrary.uasset" 1012
"../../../Engine/Plugins/Animation/ControlRig/Content/Controls/DefaultGizmoLibrary.uexp" 1013
"E:/Github/ExampleIK/Content/Characters/Mannequins/Rigs/CR_Mannequin_BasicFootIK.uasset" 1014
"E:/Github/ExampleIK/Content/Characters/Mannequins/Rigs/CR_Mannequin_BasicFootIK.uexp" 1015
"E:/Github/ExampleIK/Content/Characters/Mannequins/Animations/Manny/MM_Run_Fwd.uasset" 1016
"E:/Github/ExampleIK/Content/Characters/Mannequins/Animations/Manny/MM_Run_Fwd.uexp" 1017
"E:/Github/ExampleIK/Content/Characters/Mannequins/Animations/Manny/MM_Walk_Fwd.uasset" 1018
"E:/Github/ExampleIK/Content/Characters/Mannequins/Animations/Manny/MM_Walk_Fwd.uexp" 1019
"E:/Github/ExampleIK/Content/Characters/Mannequins/Animations/Manny/BS_MM_WalkRun.uasset" 1020
"E:/Github/ExampleIK/Content/Characters/Mannequins/Animations/Manny/BS_MM_WalkRun.uexp" 1021
"E:/Github/ExampleIK/Content/Characters/Mannequins/Animations/Manny/MM_Land.uasset" 1022
"E:/Github/ExampleIK/Content/Characters/Mannequins/Animations/Manny/MM_Land.uexp" 1023
"E:/Github/ExampleIK/Content/Characters/Mannequins/Animations/Manny/MM_Idle.uasset" 1024
"E:/Github/ExampleIK/Content/Characters/Mannequins/Animations/Manny/MM_Idle.uexp" 1025
"E:/Github/ExampleIK/Content/Characters/Mannequins/Animations/ABP_Manny.uasset" 1026
"E:/Github/ExampleIK/Content/Characters/Mannequins/Animations/ABP_Manny.uexp" 1027
"E:/Github/ExampleIK/Content/Characters/Mannequins/Animations/ABP_Quinn.uasset" 1028
"E:/Github/ExampleIK/Content/Characters/Mannequins/Animations/ABP_Quinn.uexp" 1029
"E:/Github/ExampleIK/Content/ThirdPerson/Blueprints/BP_ThirdPersonCharacter.uasset" 1030
"E:/Github/ExampleIK/Content/ThirdPerson/Blueprints/BP_ThirdPersonCharacter.uexp" 1031
"E:/Github/ExampleIK/Content/WD_NetworkSelection.uasset" 1032
"E:/Github/ExampleIK/Content/WD_NetworkSelection.uexp" 1033
"../../../Engine/Content/MapTemplates/Materials/BasicAsset01.uasset" 1034
"../../../Engine/Content/MapTemplates/Materials/BasicAsset01.uexp" 1035
"../../../Engine/Content/VREditor/BasicMeshes/T_CleanFloorGrunge_01_D.ubulk" 1036
"../../../Engine/Content/VREditor/BasicMeshes/T_CleanFloorGrunge_01_D.uasset" 1037
"../../../Engine/Content/VREditor/BasicMeshes/T_CleanFloorGrunge_01_D.uexp" 1038
"../../../Engine/Content/VREditor/BasicMeshes/M_Floor_01.uasset" 1039
"../../../Engine/Content/VREditor/BasicMeshes/M_Floor_01.uexp" 1040
"../../../Engine/Content/VREditor/BasicMeshes/MI_Cube_01.uasset" 1041
"../../../Engine/Content/VREditor/BasicMeshes/MI_Cube_01.uexp" 1042
"../../../Engine/Content/VREditor/BasicMeshes/SM_Cube_01.uasset" 1043
"../../../Engine/Content/VREditor/BasicMeshes/SM_Cube_01.uexp" 1044
"E:/Github/ExampleIK/Content/VRTemplate/Blueprints/Grabbable_SmallCube.uasset" 1045
"E:/Github/ExampleIK/Content/VRTemplate/Blueprints/Grabbable_SmallCube.uexp" 1046
"E:/Github/ExampleIK/Content/Enums/Enum_Color.uasset" 1047
"E:/Github/ExampleIK/Content/Enums/Enum_Color.uexp" 1048
"E:/Github/ExampleIK/Content/Structs/Struct_Proximity.uasset" 1049
"E:/Github/ExampleIK/Content/Structs/Struct_Proximity.uexp" 1050
"E:/Github/ExampleIK/Content/Functions/StringToEnumColor.uasset" 1051
"E:/Github/ExampleIK/Content/Functions/StringToEnumColor.uexp" 1052
"E:/Github/ExampleIK/Content/Struct_Transform.uasset" 1053
"E:/Github/ExampleIK/Content/Struct_Transform.uexp" 1054
"E:/Github/ExampleIK/Content/Struct_Position.uasset" 1055
"E:/Github/ExampleIK/Content/Struct_Position.uexp" 1056
"E:/Github/ExampleIK/Content/Characters/Mannequins/Rigs/Poses/Quinn/Quinn_foot_l_anim.uasset" 1057
"E:/Github/ExampleIK/Content/Characters/Mannequins/Rigs/Poses/Quinn/Quinn_foot_l_anim.uexp" 1058
"E:/Github/ExampleIK/Content/Characters/Mannequins/Rigs/Poses/Quinn/Quinn_foot_l_pose.uasset" 1059
"E:/Github/ExampleIK/Content/Characters/Mannequins/Rigs/Poses/Quinn/Quinn_foot_l_pose.uexp" 1060
"E:/Github/ExampleIK/Content/Characters/Mannequins/Rigs/Poses/Quinn/Quinn_clavicle_l_anim.uasset" 1061
"E:/Github/ExampleIK/Content/Characters/Mannequins/Rigs/Poses/Quinn/Quinn_clavicle_l_anim.uexp" 1062
"E:/Github/ExampleIK/Content/Characters/Mannequins/Rigs/Poses/Quinn/Quinn_clavicle_l_pose.uasset" 1063
"E:/Github/ExampleIK/Content/Characters/Mannequins/Rigs/Poses/Quinn/Quinn_clavicle_l_pose.uexp" 1064
"E:/Github/ExampleIK/Content/Characters/Mannequins/Rigs/Poses/Quinn/Quinn_clavicle_r_anim.uasset" 1065
"E:/Github/ExampleIK/Content/Characters/Mannequins/Rigs/Poses/Quinn/Quinn_clavicle_r_anim.uexp" 1066
"E:/Github/ExampleIK/Content/Characters/Mannequins/Rigs/Poses/Quinn/Quinn_clavicle_r_pose.uasset" 1067
"E:/Github/ExampleIK/Content/Characters/Mannequins/Rigs/Poses/Quinn/Quinn_clavicle_r_pose.uexp" 1068
"E:/Github/ExampleIK/Content/Characters/Mannequins/Rigs/Poses/Quinn/Quinn_upperarm_l_anim.uasset" 1069
"E:/Github/ExampleIK/Content/Characters/Mannequins/Rigs/Poses/Quinn/Quinn_upperarm_l_anim.uexp" 1070
"E:/Github/ExampleIK/Content/Characters/Mannequins/Rigs/Poses/Quinn/Quinn_upperarm_l_pose.uasset" 1071
"E:/Github/ExampleIK/Content/Characters/Mannequins/Rigs/Poses/Quinn/Quinn_upperarm_l_pose.uexp" 1072
"E:/Github/ExampleIK/Content/Characters/Mannequins/Rigs/Poses/Quinn/Quinn_lowerarm_l_anim.uasset" 1073
"E:/Github/ExampleIK/Content/Characters/Mannequins/Rigs/Poses/Quinn/Quinn_lowerarm_l_anim.uexp" 1074
"E:/Github/ExampleIK/Content/Characters/Mannequins/Rigs/Poses/Quinn/Quinn_lowerarm_l_pose.uasset" 1075
"E:/Github/ExampleIK/Content/Characters/Mannequins/Rigs/Poses/Quinn/Quinn_lowerarm_l_pose.uexp" 1076
"E:/Github/ExampleIK/Content/Characters/Mannequins/Rigs/Poses/Quinn/Quinn_calf_l_anim.uasset" 1077
"E:/Github/ExampleIK/Content/Characters/Mannequins/Rigs/Poses/Quinn/Quinn_calf_l_anim.uexp" 1078
"E:/Github/ExampleIK/Content/Characters/Mannequins/Rigs/Poses/Quinn/Quinn_calf_l_pose.uasset" 1079
"E:/Github/ExampleIK/Content/Characters/Mannequins/Rigs/Poses/Quinn/Quinn_calf_l_pose.uexp" 1080
"E:/Github/ExampleIK/Content/Characters/Mannequins/Rigs/CR_Mannequin_Procedural.uasset" 1081
"E:/Github/ExampleIK/Content/Characters/Mannequins/Rigs/CR_Mannequin_Procedural.uexp" 1082
"E:/Github/ExampleIK/Content/Characters/Mannequins/Rigs/Poses/Quinn/Quinn_upperarm_r_anim.uasset" 1083
"E:/Github/ExampleIK/Content/Characters/Mannequins/Rigs/Poses/Quinn/Quinn_upperarm_r_anim.uexp" 1084
"E:/Github/ExampleIK/Content/Characters/Mannequins/Rigs/Poses/Quinn/Quinn_upperarm_r_pose.uasset" 1085
"E:/Github/ExampleIK/Content/Characters/Mannequins/Rigs/Poses/Quinn/Quinn_upperarm_r_pose.uexp" 1086
"E:/Github/ExampleIK/Content/Characters/Mannequins/Rigs/Poses/Quinn/Quinn_calf_r_anim.uasset" 1087
"E:/Github/ExampleIK/Content/Characters/Mannequins/Rigs/Poses/Quinn/Quinn_calf_r_anim.uexp" 1088
"E:/Github/ExampleIK/Content/Characters/Mannequins/Rigs/Poses/Quinn/Quinn_calf_r_pose.uasset" 1089
"E:/Github/ExampleIK/Content/Characters/Mannequins/Rigs/Poses/Quinn/Quinn_calf_r_pose.uexp" 1090
"E:/Github/ExampleIK/Content/Characters/Mannequins/Rigs/Poses/Quinn/Quinn_foot_r_anim.uasset" 1091
"E:/Github/ExampleIK/Content/Characters/Mannequins/Rigs/Poses/Quinn/Quinn_foot_r_anim.uexp" 1092
"E:/Github/ExampleIK/Content/Characters/Mannequins/Rigs/Poses/Quinn/Quinn_foot_r_pose.uasset" 1093
"E:/Github/ExampleIK/Content/Characters/Mannequins/Rigs/Poses/Quinn/Quinn_foot_r_pose.uexp" 1094
"E:/Github/ExampleIK/Content/Characters/Mannequins/Rigs/Poses/Quinn/Quinn_lowerarm_r_anim.uasset" 1095
"E:/Github/ExampleIK/Content/Characters/Mannequins/Rigs/Poses/Quinn/Quinn_lowerarm_r_anim.uexp" 1096
"E:/Github/ExampleIK/Content/Characters/Mannequins/Rigs/Poses/Quinn/Quinn_lowerarm_r_pose.uasset" 1097
"E:/Github/ExampleIK/Content/Characters/Mannequins/Rigs/Poses/Quinn/Quinn_lowerarm_r_pose.uexp" 1098
"E:/Github/ExampleIK/Content/Characters/Mannequins/Rigs/Poses/Quinn/Quinn_thigh_l_anim.uasset" 1099
"E:/Github/ExampleIK/Content/Characters/Mannequins/Rigs/Poses/Quinn/Quinn_thigh_l_anim.uexp" 1100
"E:/Github/ExampleIK/Content/Characters/Mannequins/Rigs/Poses/Quinn/Quinn_thigh_l_pose.uasset" 1101
"E:/Github/ExampleIK/Content/Characters/Mannequins/Rigs/Poses/Quinn/Quinn_thigh_l_pose.uexp" 1102
"E:/Github/ExampleIK/Content/Characters/Mannequins/Rigs/Poses/Quinn/Quinn_thigh_r_anim.uasset" 1103
"E:/Github/ExampleIK/Content/Characters/Mannequins/Rigs/Poses/Quinn/Quinn_thigh_r_anim.uexp" 1104
"E:/Github/ExampleIK/Content/Characters/Mannequins/Rigs/Poses/Quinn/Quinn_thigh_r_pose.uasset" 1105
"E:/Github/ExampleIK/Content/Characters/Mannequins/Rigs/Poses/Quinn/Quinn_thigh_r_pose.uexp" 1106
"E:/Github/ExampleIK/Content/Characters/Mannequins/Rigs/Poses/Quinn/Quinn_hand_l_anim.uasset" 1107
"E:/Github/ExampleIK/Content/Characters/Mannequins/Rigs/Poses/Quinn/Quinn_hand_l_anim.uexp" 1108
"E:/Github/ExampleIK/Content/Characters/Mannequins/Rigs/Poses/Quinn/Quinn_hand_l_pose.uasset" 1109
"E:/Github/ExampleIK/Content/Characters/Mannequins/Rigs/Poses/Quinn/Quinn_hand_l_pose.uexp" 1110
"E:/Github/ExampleIK/Content/Characters/Mannequins/Rigs/Poses/Quinn/Quinn_hand_r_anim.uasset" 1111
"E:/Github/ExampleIK/Content/Characters/Mannequins/Rigs/Poses/Quinn/Quinn_hand_r_anim.uexp" 1112
"E:/Github/ExampleIK/Content/Characters/Mannequins/Rigs/Poses/Quinn/Quinn_hand_r_pose.uasset" 1113
"E:/Github/ExampleIK/Content/Characters/Mannequins/Rigs/Poses/Quinn/Quinn_hand_r_pose.uexp" 1114
"E:/Github/ExampleIK/Content/Characters/Mannequins/Rigs/ABP_Quinn_PostProcess.uasset" 1115
"E:/Github/ExampleIK/Content/Characters/Mannequins/Rigs/ABP_Quinn_PostProcess.uexp" 1116
"E:/Github/ExampleIK/Content/Characters/Mannequins/Meshes/SKM_Quinn.uasset" 1117
"E:/Github/ExampleIK/Content/Characters/Mannequins/Meshes/SKM_Quinn.uexp" 1118
"E:/Github/ExampleIK/Content/BP_PeersCharacter.uasset" 1119
"E:/Github/ExampleIK/Content/BP_PeersCharacter.uexp" 1120
"E:/Github/ExampleIK/Content/BP_TCP.uasset" 1121
"E:/Github/ExampleIK/Content/BP_TCP.uexp" 1122
"../../../Engine/Content/BasicShapes/BasicShapeMaterial.uasset" 1123
"../../../Engine/Content/BasicShapes/BasicShapeMaterial.uexp" 1124
"../../../Engine/Content/BasicShapes/Plane.uasset" 1125
"../../../Engine/Content/BasicShapes/Plane.uexp" 1126
"E:/Github/ExampleIK/Content/BP_UDP.uasset" 1127
"E:/Github/ExampleIK/Content/BP_UDP.uexp" 1128
"../../../Engine/Content/EngineMeshes/Cube.uasset" 1129
"../../../Engine/Content/EngineMeshes/Cube.uexp" 1130
"E:/Github/ExampleIK/Content/WD_AudioSettings.uasset" 1131
"E:/Github/ExampleIK/Content/WD_AudioSettings.uexp" 1132
"E:/Github/ExampleIK/Content/Blueprints/BP_AudioDevices.uasset" 1133
"E:/Github/ExampleIK/Content/Blueprints/BP_AudioDevices.uexp" 1134
"E:/Github/ExampleIK/Content/Levels/DemoLevel.uexp" 1135
"E:/Github/ExampleIK/Content/Levels/DemoLevel.umap" 1136
